{"/Users/aweimeow/Tools/lumos-highlighter/content/modules/constants.js": {"path":"/Users/aweimeow/Tools/lumos-highlighter/content/modules/constants.js","statementMap":{"0":{"start":{"line":5,"column":23},"end":{"line":10,"column":1}},"1":{"start":{"line":13,"column":28},"end":{"line":19,"column":1}},"2":{"start":{"line":22,"column":24},"end":{"line":28,"column":1}},"3":{"start":{"line":31,"column":17},"end":{"line":51,"column":1}},"4":{"start":{"line":54,"column":28},"end":{"line":61,"column":1}},"5":{"start":{"line":64,"column":26},"end":{"line":84,"column":1}},"6":{"start":{"line":87,"column":29},"end":{"line":97,"column":1}},"7":{"start":{"line":100,"column":31},"end":{"line":125,"column":1}},"8":{"start":{"line":128,"column":23},"end":{"line":134,"column":1}},"9":{"start":{"line":137,"column":25},"end":{"line":144,"column":1}},"10":{"start":{"line":147,"column":26},"end":{"line":165,"column":1}},"11":{"start":{"line":151,"column":16},"end":{"line":151,"column":112}},"12":{"start":{"line":159,"column":16},"end":{"line":159,"column":112}},"13":{"start":{"line":168,"column":22},"end":{"line":174,"column":1}},"14":{"start":{"line":177,"column":20},"end":{"line":182,"column":1}},"15":{"start":{"line":185,"column":21},"end":{"line":193,"column":1}},"16":{"start":{"line":196,"column":20},"end":{"line":196,"column":41}},"17":{"start":{"line":200,"column":4},"end":{"line":200,"column":44}},"18":{"start":{"line":205,"column":4},"end":{"line":205,"column":49}},"19":{"start":{"line":209,"column":18},"end":{"line":224,"column":1}},"20":{"start":{"line":227,"column":0},"end":{"line":246,"column":2}}},"fnMap":{"0":{"name":"(anonymous_0)","decl":{"start":{"line":150,"column":38},"end":{"line":150,"column":39}},"loc":{"start":{"line":151,"column":16},"end":{"line":151,"column":112}},"line":151},"1":{"name":"(anonymous_1)","decl":{"start":{"line":158,"column":38},"end":{"line":158,"column":39}},"loc":{"start":{"line":159,"column":16},"end":{"line":159,"column":112}},"line":159},"2":{"name":"updateCurrentStyles","decl":{"start":{"line":199,"column":9},"end":{"line":199,"column":28}},"loc":{"start":{"line":199,"column":40},"end":{"line":201,"column":1}},"line":199},"3":{"name":"resetCurrentStyles","decl":{"start":{"line":204,"column":9},"end":{"line":204,"column":27}},"loc":{"start":{"line":204,"column":30},"end":{"line":206,"column":1}},"line":204}},"branchMap":{},"s":{"0":0,"1":0,"2":0,"3":0,"4":0,"5":0,"6":0,"7":0,"8":0,"9":0,"10":0,"11":0,"12":0,"13":0,"14":0,"15":0,"16":0,"17":0,"18":0,"19":0,"20":0},"f":{"0":0,"1":0,"2":0,"3":0},"b":{}}
,"/Users/aweimeow/Tools/lumos-highlighter/content/modules/contextExtractor.js": {"path":"/Users/aweimeow/Tools/lumos-highlighter/content/modules/contextExtractor.js","statementMap":{"0":{"start":{"line":6,"column":4},"end":{"line":20,"column":5}},"1":{"start":{"line":7,"column":31},"end":{"line":7,"column":51}},"2":{"start":{"line":8,"column":28},"end":{"line":8,"column":45}},"3":{"start":{"line":10,"column":8},"end":{"line":14,"column":9}},"4":{"start":{"line":11,"column":31},"end":{"line":11,"column":83}},"5":{"start":{"line":12,"column":26},"end":{"line":12,"column":88}},"6":{"start":{"line":12,"column":65},"end":{"line":12,"column":87}},"7":{"start":{"line":13,"column":12},"end":{"line":13,"column":53}},"8":{"start":{"line":16,"column":8},"end":{"line":16,"column":18}},"9":{"start":{"line":18,"column":8},"end":{"line":18,"column":62}},"10":{"start":{"line":19,"column":8},"end":{"line":19,"column":18}},"11":{"start":{"line":25,"column":4},"end":{"line":39,"column":5}},"12":{"start":{"line":26,"column":29},"end":{"line":26,"column":47}},"13":{"start":{"line":27,"column":26},"end":{"line":27,"column":41}},"14":{"start":{"line":29,"column":8},"end":{"line":33,"column":9}},"15":{"start":{"line":30,"column":30},"end":{"line":30,"column":75}},"16":{"start":{"line":31,"column":26},"end":{"line":31,"column":87}},"17":{"start":{"line":31,"column":64},"end":{"line":31,"column":86}},"18":{"start":{"line":32,"column":12},"end":{"line":32,"column":55}},"19":{"start":{"line":35,"column":8},"end":{"line":35,"column":18}},"20":{"start":{"line":37,"column":8},"end":{"line":37,"column":61}},"21":{"start":{"line":38,"column":8},"end":{"line":38,"column":18}},"22":{"start":{"line":44,"column":4},"end":{"line":44,"column":25}},"23":{"start":{"line":44,"column":15},"end":{"line":44,"column":25}},"24":{"start":{"line":47,"column":18},"end":{"line":52,"column":15}},"25":{"start":{"line":55,"column":18},"end":{"line":59,"column":6}},"26":{"start":{"line":56,"column":8},"end":{"line":58,"column":33}},"27":{"start":{"line":61,"column":4},"end":{"line":61,"column":40}},"28":{"start":{"line":66,"column":4},"end":{"line":85,"column":5}},"29":{"start":{"line":67,"column":29},"end":{"line":67,"column":45}},"30":{"start":{"line":68,"column":25},"end":{"line":68,"column":56}},"31":{"start":{"line":69,"column":30},"end":{"line":69,"column":60}},"32":{"start":{"line":71,"column":8},"end":{"line":82,"column":9}},"33":{"start":{"line":72,"column":12},"end":{"line":81,"column":13}},"34":{"start":{"line":73,"column":35},"end":{"line":73,"column":102}},"35":{"start":{"line":74,"column":30},"end":{"line":74,"column":92}},"36":{"start":{"line":74,"column":69},"end":{"line":74,"column":91}},"37":{"start":{"line":75,"column":16},"end":{"line":75,"column":50}},"38":{"start":{"line":76,"column":19},"end":{"line":81,"column":13}},"39":{"start":{"line":77,"column":40},"end":{"line":77,"column":75}},"40":{"start":{"line":78,"column":34},"end":{"line":78,"column":92}},"41":{"start":{"line":79,"column":30},"end":{"line":79,"column":91}},"42":{"start":{"line":79,"column":68},"end":{"line":79,"column":90}},"43":{"start":{"line":80,"column":16},"end":{"line":80,"column":52}},"44":{"start":{"line":84,"column":8},"end":{"line":84,"column":68}},"45":{"start":{"line":87,"column":4},"end":{"line":87,"column":14}},"46":{"start":{"line":91,"column":0},"end":{"line":96,"column":2}}},"fnMap":{"0":{"name":"getContextBefore","decl":{"start":{"line":5,"column":9},"end":{"line":5,"column":25}},"loc":{"start":{"line":5,"column":33},"end":{"line":21,"column":1}},"line":5},"1":{"name":"(anonymous_1)","decl":{"start":{"line":12,"column":57},"end":{"line":12,"column":58}},"loc":{"start":{"line":12,"column":65},"end":{"line":12,"column":87}},"line":12},"2":{"name":"getContextAfter","decl":{"start":{"line":24,"column":9},"end":{"line":24,"column":24}},"loc":{"start":{"line":24,"column":32},"end":{"line":40,"column":1}},"line":24},"3":{"name":"(anonymous_3)","decl":{"start":{"line":31,"column":56},"end":{"line":31,"column":57}},"loc":{"start":{"line":31,"column":64},"end":{"line":31,"column":86}},"line":31},"4":{"name":"cleanContextText","decl":{"start":{"line":43,"column":9},"end":{"line":43,"column":25}},"loc":{"start":{"line":43,"column":32},"end":{"line":62,"column":1}},"line":43},"5":{"name":"(anonymous_5)","decl":{"start":{"line":55,"column":46},"end":{"line":55,"column":47}},"loc":{"start":{"line":55,"column":54},"end":{"line":59,"column":5}},"line":55},"6":{"name":"getBackupContext","decl":{"start":{"line":65,"column":9},"end":{"line":65,"column":25}},"loc":{"start":{"line":65,"column":44},"end":{"line":88,"column":1}},"line":65},"7":{"name":"(anonymous_7)","decl":{"start":{"line":74,"column":61},"end":{"line":74,"column":62}},"loc":{"start":{"line":74,"column":69},"end":{"line":74,"column":91}},"line":74},"8":{"name":"(anonymous_8)","decl":{"start":{"line":79,"column":60},"end":{"line":79,"column":61}},"loc":{"start":{"line":79,"column":68},"end":{"line":79,"column":90}},"line":79}},"branchMap":{"0":{"loc":{"start":{"line":10,"column":8},"end":{"line":14,"column":9}},"type":"if","locations":[{"start":{"line":10,"column":8},"end":{"line":14,"column":9}},{"start":{},"end":{}}],"line":10},"1":{"loc":{"start":{"line":29,"column":8},"end":{"line":33,"column":9}},"type":"if","locations":[{"start":{"line":29,"column":8},"end":{"line":33,"column":9}},{"start":{},"end":{}}],"line":29},"2":{"loc":{"start":{"line":44,"column":4},"end":{"line":44,"column":25}},"type":"if","locations":[{"start":{"line":44,"column":4},"end":{"line":44,"column":25}},{"start":{},"end":{}}],"line":44},"3":{"loc":{"start":{"line":56,"column":15},"end":{"line":58,"column":32}},"type":"binary-expr","locations":[{"start":{"line":56,"column":15},"end":{"line":56,"column":31}},{"start":{"line":57,"column":15},"end":{"line":57,"column":36}},{"start":{"line":58,"column":15},"end":{"line":58,"column":32}}],"line":56},"4":{"loc":{"start":{"line":68,"column":25},"end":{"line":68,"column":56}},"type":"binary-expr","locations":[{"start":{"line":68,"column":25},"end":{"line":68,"column":50}},{"start":{"line":68,"column":54},"end":{"line":68,"column":56}}],"line":68},"5":{"loc":{"start":{"line":71,"column":8},"end":{"line":82,"column":9}},"type":"if","locations":[{"start":{"line":71,"column":8},"end":{"line":82,"column":9}},{"start":{},"end":{}}],"line":71},"6":{"loc":{"start":{"line":72,"column":12},"end":{"line":81,"column":13}},"type":"if","locations":[{"start":{"line":72,"column":12},"end":{"line":81,"column":13}},{"start":{"line":76,"column":19},"end":{"line":81,"column":13}}],"line":72},"7":{"loc":{"start":{"line":76,"column":19},"end":{"line":81,"column":13}},"type":"if","locations":[{"start":{"line":76,"column":19},"end":{"line":81,"column":13}},{"start":{},"end":{}}],"line":76}},"s":{"0":0,"1":0,"2":0,"3":0,"4":0,"5":0,"6":0,"7":0,"8":0,"9":0,"10":0,"11":0,"12":0,"13":0,"14":0,"15":0,"16":0,"17":0,"18":0,"19":0,"20":0,"21":0,"22":0,"23":0,"24":0,"25":0,"26":0,"27":0,"28":0,"29":0,"30":0,"31":0,"32":0,"33":0,"34":0,"35":0,"36":0,"37":0,"38":0,"39":0,"40":0,"41":0,"42":0,"43":0,"44":0,"45":0,"46":0},"f":{"0":0,"1":0,"2":0,"3":0,"4":0,"5":0,"6":0,"7":0,"8":0},"b":{"0":[0,0],"1":[0,0],"2":[0,0],"3":[0,0,0],"4":[0,0],"5":[0,0],"6":[0,0],"7":[0,0]}}
,"/Users/aweimeow/Tools/lumos-highlighter/content/modules/domUtils.js": {"path":"/Users/aweimeow/Tools/lumos-highlighter/content/modules/domUtils.js","statementMap":{"0":{"start":{"line":6,"column":4},"end":{"line":6,"column":44}},"1":{"start":{"line":6,"column":32},"end":{"line":6,"column":44}},"2":{"start":{"line":9,"column":23},"end":{"line":9,"column":25}},"3":{"start":{"line":10,"column":18},"end":{"line":10,"column":26}},"4":{"start":{"line":11,"column":4},"end":{"line":14,"column":5}},"5":{"start":{"line":12,"column":8},"end":{"line":12,"column":33}},"6":{"start":{"line":13,"column":8},"end":{"line":13,"column":40}},"7":{"start":{"line":17,"column":4},"end":{"line":17,"column":23}},"8":{"start":{"line":18,"column":4},"end":{"line":23,"column":5}},"9":{"start":{"line":19,"column":8},"end":{"line":21,"column":9}},"10":{"start":{"line":20,"column":12},"end":{"line":20,"column":27}},"11":{"start":{"line":22,"column":8},"end":{"line":22,"column":40}},"12":{"start":{"line":25,"column":4},"end":{"line":25,"column":16}},"13":{"start":{"line":30,"column":18},"end":{"line":30,"column":87}},"14":{"start":{"line":33,"column":29},"end":{"line":37,"column":5}},"15":{"start":{"line":40,"column":27},"end":{"line":44,"column":5}},"16":{"start":{"line":47,"column":4},"end":{"line":74,"column":5}},"17":{"start":{"line":48,"column":28},"end":{"line":54,"column":10}},"18":{"start":{"line":49,"column":12},"end":{"line":53,"column":13}},"19":{"start":{"line":50,"column":16},"end":{"line":50,"column":68}},"20":{"start":{"line":52,"column":16},"end":{"line":52,"column":29}},"21":{"start":{"line":56,"column":8},"end":{"line":71,"column":9}},"22":{"start":{"line":57,"column":39},"end":{"line":63,"column":14}},"23":{"start":{"line":58,"column":16},"end":{"line":62,"column":17}},"24":{"start":{"line":59,"column":20},"end":{"line":59,"column":72}},"25":{"start":{"line":61,"column":20},"end":{"line":61,"column":33}},"26":{"start":{"line":65,"column":12},"end":{"line":70,"column":13}},"27":{"start":{"line":66,"column":35},"end":{"line":66,"column":76}},"28":{"start":{"line":67,"column":16},"end":{"line":69,"column":17}},"29":{"start":{"line":68,"column":20},"end":{"line":68,"column":35}},"30":{"start":{"line":73,"column":8},"end":{"line":73,"column":40}},"31":{"start":{"line":77,"column":4},"end":{"line":77,"column":84}},"32":{"start":{"line":78,"column":4},"end":{"line":86,"column":5}},"33":{"start":{"line":79,"column":8},"end":{"line":84,"column":9}},"34":{"start":{"line":80,"column":31},"end":{"line":80,"column":72}},"35":{"start":{"line":81,"column":12},"end":{"line":83,"column":13}},"36":{"start":{"line":82,"column":16},"end":{"line":82,"column":31}},"37":{"start":{"line":85,"column":8},"end":{"line":85,"column":40}},"38":{"start":{"line":88,"column":4},"end":{"line":88,"column":16}},"39":{"start":{"line":93,"column":4},"end":{"line":93,"column":28}},"40":{"start":{"line":93,"column":18},"end":{"line":93,"column":28}},"41":{"start":{"line":95,"column":15},"end":{"line":95,"column":17}},"42":{"start":{"line":96,"column":19},"end":{"line":118,"column":5}},"43":{"start":{"line":101,"column":31},"end":{"line":101,"column":49}},"44":{"start":{"line":102,"column":16},"end":{"line":102,"column":61}},"45":{"start":{"line":102,"column":29},"end":{"line":102,"column":61}},"46":{"start":{"line":105,"column":30},"end":{"line":105,"column":61}},"47":{"start":{"line":106,"column":16},"end":{"line":108,"column":17}},"48":{"start":{"line":107,"column":20},"end":{"line":107,"column":52}},"49":{"start":{"line":111,"column":16},"end":{"line":113,"column":17}},"50":{"start":{"line":112,"column":20},"end":{"line":112,"column":52}},"51":{"start":{"line":115,"column":16},"end":{"line":115,"column":48}},"52":{"start":{"line":121,"column":4},"end":{"line":123,"column":5}},"53":{"start":{"line":122,"column":8},"end":{"line":122,"column":33}},"54":{"start":{"line":125,"column":4},"end":{"line":125,"column":16}},"55":{"start":{"line":130,"column":4},"end":{"line":132,"column":5}},"56":{"start":{"line":131,"column":8},"end":{"line":131,"column":37}},"57":{"start":{"line":134,"column":4},"end":{"line":136,"column":5}},"58":{"start":{"line":135,"column":8},"end":{"line":135,"column":42}},"59":{"start":{"line":138,"column":18},"end":{"line":138,"column":20}},"60":{"start":{"line":139,"column":4},"end":{"line":155,"column":5}},"61":{"start":{"line":140,"column":20},"end":{"line":140,"column":21}},"62":{"start":{"line":141,"column":22},"end":{"line":141,"column":45}},"63":{"start":{"line":143,"column":8},"end":{"line":148,"column":9}},"64":{"start":{"line":144,"column":12},"end":{"line":146,"column":13}},"65":{"start":{"line":145,"column":16},"end":{"line":145,"column":24}},"66":{"start":{"line":147,"column":12},"end":{"line":147,"column":46}},"67":{"start":{"line":150,"column":24},"end":{"line":150,"column":54}},"68":{"start":{"line":151,"column":21},"end":{"line":151,"column":69}},"69":{"start":{"line":152,"column":8},"end":{"line":152,"column":28}},"70":{"start":{"line":154,"column":8},"end":{"line":154,"column":37}},"71":{"start":{"line":157,"column":4},"end":{"line":157,"column":53}},"72":{"start":{"line":162,"column":4},"end":{"line":162,"column":54}},"73":{"start":{"line":162,"column":41},"end":{"line":162,"column":54}},"74":{"start":{"line":164,"column":25},"end":{"line":164,"column":44}},"75":{"start":{"line":165,"column":25},"end":{"line":165,"column":57}},"76":{"start":{"line":167,"column":4},"end":{"line":167,"column":86}},"77":{"start":{"line":172,"column":4},"end":{"line":174,"column":5}},"78":{"start":{"line":173,"column":8},"end":{"line":173,"column":18}},"79":{"start":{"line":176,"column":4},"end":{"line":211,"column":5}},"80":{"start":{"line":178,"column":8},"end":{"line":180,"column":9}},"81":{"start":{"line":179,"column":12},"end":{"line":179,"column":36}},"82":{"start":{"line":183,"column":21},"end":{"line":183,"column":23}},"83":{"start":{"line":184,"column":22},"end":{"line":184,"column":29}},"84":{"start":{"line":185,"column":20},"end":{"line":185,"column":21}},"85":{"start":{"line":186,"column":25},"end":{"line":186,"column":27}},"86":{"start":{"line":188,"column":8},"end":{"line":205,"column":9}},"87":{"start":{"line":189,"column":27},"end":{"line":189,"column":56}},"88":{"start":{"line":192,"column":12},"end":{"line":200,"column":13}},"89":{"start":{"line":193,"column":32},"end":{"line":195,"column":32}},"90":{"start":{"line":194,"column":33},"end":{"line":194,"column":88}},"91":{"start":{"line":197,"column":16},"end":{"line":199,"column":17}},"92":{"start":{"line":198,"column":20},"end":{"line":198,"column":56}},"93":{"start":{"line":202,"column":12},"end":{"line":202,"column":35}},"94":{"start":{"line":203,"column":12},"end":{"line":203,"column":44}},"95":{"start":{"line":204,"column":12},"end":{"line":204,"column":20}},"96":{"start":{"line":207,"column":8},"end":{"line":207,"column":55}},"97":{"start":{"line":209,"column":8},"end":{"line":209,"column":63}},"98":{"start":{"line":210,"column":8},"end":{"line":210,"column":18}},"99":{"start":{"line":216,"column":4},"end":{"line":216,"column":28}},"100":{"start":{"line":216,"column":18},"end":{"line":216,"column":28}},"101":{"start":{"line":218,"column":24},"end":{"line":218,"column":26}},"102":{"start":{"line":219,"column":18},"end":{"line":219,"column":25}},"103":{"start":{"line":222,"column":4},"end":{"line":229,"column":5}},"104":{"start":{"line":222,"column":17},"end":{"line":222,"column":18}},"105":{"start":{"line":223,"column":24},"end":{"line":223,"column":80}},"106":{"start":{"line":224,"column":26},"end":{"line":225,"column":111}},"107":{"start":{"line":225,"column":55},"end":{"line":225,"column":83}},"108":{"start":{"line":227,"column":8},"end":{"line":227,"column":77}},"109":{"start":{"line":228,"column":8},"end":{"line":228,"column":40}},"110":{"start":{"line":231,"column":4},"end":{"line":231,"column":35}},"111":{"start":{"line":236,"column":22},"end":{"line":236,"column":24}},"112":{"start":{"line":237,"column":25},"end":{"line":237,"column":41}},"113":{"start":{"line":240,"column":4},"end":{"line":243,"column":5}},"114":{"start":{"line":241,"column":8},"end":{"line":241,"column":45}},"115":{"start":{"line":242,"column":8},"end":{"line":242,"column":25}},"116":{"start":{"line":246,"column":19},"end":{"line":251,"column":5}},"117":{"start":{"line":254,"column":4},"end":{"line":270,"column":5}},"118":{"start":{"line":255,"column":25},"end":{"line":255,"column":41}},"119":{"start":{"line":256,"column":33},"end":{"line":256,"column":55}},"120":{"start":{"line":258,"column":8},"end":{"line":269,"column":9}},"121":{"start":{"line":259,"column":12},"end":{"line":259,"column":33}},"122":{"start":{"line":260,"column":15},"end":{"line":269,"column":9}},"123":{"start":{"line":261,"column":12},"end":{"line":268,"column":13}},"124":{"start":{"line":262,"column":40},"end":{"line":262,"column":55}},"125":{"start":{"line":263,"column":16},"end":{"line":265,"column":17}},"126":{"start":{"line":264,"column":20},"end":{"line":264,"column":41}},"127":{"start":{"line":267,"column":16},"end":{"line":267,"column":60}},"128":{"start":{"line":272,"column":4},"end":{"line":272,"column":21}},"129":{"start":{"line":277,"column":17},"end":{"line":300,"column":5}},"130":{"start":{"line":282,"column":31},"end":{"line":282,"column":46}},"131":{"start":{"line":283,"column":16},"end":{"line":283,"column":61}},"132":{"start":{"line":283,"column":29},"end":{"line":283,"column":61}},"133":{"start":{"line":286,"column":30},"end":{"line":286,"column":61}},"134":{"start":{"line":287,"column":16},"end":{"line":289,"column":17}},"135":{"start":{"line":288,"column":20},"end":{"line":288,"column":52}},"136":{"start":{"line":292,"column":16},"end":{"line":294,"column":17}},"137":{"start":{"line":293,"column":20},"end":{"line":293,"column":52}},"138":{"start":{"line":296,"column":16},"end":{"line":296,"column":48}},"139":{"start":{"line":302,"column":4},"end":{"line":302,"column":30}},"140":{"start":{"line":303,"column":4},"end":{"line":303,"column":33}},"141":{"start":{"line":308,"column":17},"end":{"line":331,"column":5}},"142":{"start":{"line":313,"column":31},"end":{"line":313,"column":46}},"143":{"start":{"line":314,"column":16},"end":{"line":314,"column":61}},"144":{"start":{"line":314,"column":29},"end":{"line":314,"column":61}},"145":{"start":{"line":317,"column":30},"end":{"line":317,"column":61}},"146":{"start":{"line":318,"column":16},"end":{"line":320,"column":17}},"147":{"start":{"line":319,"column":20},"end":{"line":319,"column":52}},"148":{"start":{"line":323,"column":16},"end":{"line":325,"column":17}},"149":{"start":{"line":324,"column":20},"end":{"line":324,"column":52}},"150":{"start":{"line":327,"column":16},"end":{"line":327,"column":48}},"151":{"start":{"line":333,"column":4},"end":{"line":333,"column":30}},"152":{"start":{"line":334,"column":4},"end":{"line":334,"column":29}},"153":{"start":{"line":339,"column":20},"end":{"line":339,"column":45}},"154":{"start":{"line":342,"column":4},"end":{"line":342,"column":40}},"155":{"start":{"line":342,"column":28},"end":{"line":342,"column":40}},"156":{"start":{"line":345,"column":31},"end":{"line":355,"column":5}},"157":{"start":{"line":357,"column":4},"end":{"line":357,"column":69}},"158":{"start":{"line":357,"column":46},"end":{"line":357,"column":67}},"159":{"start":{"line":362,"column":4},"end":{"line":389,"column":5}},"160":{"start":{"line":363,"column":22},"end":{"line":363,"column":44}},"161":{"start":{"line":364,"column":8},"end":{"line":364,"column":36}},"162":{"start":{"line":365,"column":8},"end":{"line":365,"column":48}},"163":{"start":{"line":367,"column":8},"end":{"line":369,"column":9}},"164":{"start":{"line":368,"column":12},"end":{"line":368,"column":25}},"165":{"start":{"line":371,"column":33},"end":{"line":371,"column":63}},"166":{"start":{"line":372,"column":8},"end":{"line":372,"column":94}},"167":{"start":{"line":373,"column":8},"end":{"line":373,"column":77}},"168":{"start":{"line":374,"column":8},"end":{"line":374,"column":83}},"169":{"start":{"line":376,"column":8},"end":{"line":385,"column":9}},"170":{"start":{"line":377,"column":12},"end":{"line":377,"column":53}},"171":{"start":{"line":378,"column":12},"end":{"line":378,"column":24}},"172":{"start":{"line":381,"column":28},"end":{"line":381,"column":51}},"173":{"start":{"line":382,"column":12},"end":{"line":382,"column":50}},"174":{"start":{"line":383,"column":12},"end":{"line":383,"column":47}},"175":{"start":{"line":384,"column":12},"end":{"line":384,"column":24}},"176":{"start":{"line":387,"column":8},"end":{"line":387,"column":66}},"177":{"start":{"line":388,"column":8},"end":{"line":388,"column":21}},"178":{"start":{"line":395,"column":4},"end":{"line":395,"column":25}},"179":{"start":{"line":395,"column":15},"end":{"line":395,"column":25}},"180":{"start":{"line":398,"column":18},"end":{"line":417,"column":15}},"181":{"start":{"line":420,"column":18},"end":{"line":428,"column":6}},"182":{"start":{"line":422,"column":8},"end":{"line":422,"column":39}},"183":{"start":{"line":422,"column":26},"end":{"line":422,"column":39}},"184":{"start":{"line":425,"column":8},"end":{"line":427,"column":33}},"185":{"start":{"line":431,"column":19},"end":{"line":431,"column":47}},"186":{"start":{"line":433,"column":4},"end":{"line":433,"column":18}},"187":{"start":{"line":438,"column":4},"end":{"line":442,"column":7}},"188":{"start":{"line":439,"column":18},"end":{"line":439,"column":40}},"189":{"start":{"line":440,"column":18},"end":{"line":440,"column":49}},"190":{"start":{"line":441,"column":8},"end":{"line":441,"column":30}},"191":{"start":{"line":447,"column":0},"end":{"line":462,"column":2}}},"fnMap":{"0":{"name":"getCommonParent","decl":{"start":{"line":5,"column":9},"end":{"line":5,"column":24}},"loc":{"start":{"line":5,"column":45},"end":{"line":26,"column":1}},"line":5},"1":{"name":"findNearestContentContainer","decl":{"start":{"line":29,"column":9},"end":{"line":29,"column":36}},"loc":{"start":{"line":29,"column":46},"end":{"line":89,"column":1}},"line":29},"2":{"name":"(anonymous_2)","decl":{"start":{"line":48,"column":48},"end":{"line":48,"column":49}},"loc":{"start":{"line":48,"column":60},"end":{"line":54,"column":9}},"line":48},"3":{"name":"(anonymous_3)","decl":{"start":{"line":57,"column":61},"end":{"line":57,"column":62}},"loc":{"start":{"line":57,"column":73},"end":{"line":63,"column":13}},"line":57},"4":{"name":"getVisibleTextContent","decl":{"start":{"line":92,"column":9},"end":{"line":92,"column":30}},"loc":{"start":{"line":92,"column":40},"end":{"line":126,"column":1}},"line":92},"5":{"name":"(anonymous_5)","decl":{"start":{"line":100,"column":24},"end":{"line":100,"column":25}},"loc":{"start":{"line":100,"column":39},"end":{"line":116,"column":13}},"line":100},"6":{"name":"getXPath","decl":{"start":{"line":129,"column":9},"end":{"line":129,"column":17}},"loc":{"start":{"line":129,"column":27},"end":{"line":158,"column":1}},"line":129},"7":{"name":"isValidCSSIdentifier","decl":{"start":{"line":161,"column":9},"end":{"line":161,"column":29}},"loc":{"start":{"line":161,"column":35},"end":{"line":168,"column":1}},"line":161},"8":{"name":"getCSSSelector","decl":{"start":{"line":171,"column":9},"end":{"line":171,"column":23}},"loc":{"start":{"line":171,"column":33},"end":{"line":212,"column":1}},"line":171},"9":{"name":"(anonymous_9)","decl":{"start":{"line":194,"column":28},"end":{"line":194,"column":29}},"loc":{"start":{"line":194,"column":33},"end":{"line":194,"column":88}},"line":194},"10":{"name":"createDOMFingerprint","decl":{"start":{"line":215,"column":9},"end":{"line":215,"column":29}},"loc":{"start":{"line":215,"column":39},"end":{"line":232,"column":1}},"line":215},"11":{"name":"(anonymous_11)","decl":{"start":{"line":225,"column":50},"end":{"line":225,"column":51}},"loc":{"start":{"line":225,"column":55},"end":{"line":225,"column":83}},"line":225},"12":{"name":"getTextNodesInRange","decl":{"start":{"line":235,"column":9},"end":{"line":235,"column":28}},"loc":{"start":{"line":235,"column":36},"end":{"line":273,"column":1}},"line":235},"13":{"name":"getPreviousTextNodeInContainer","decl":{"start":{"line":276,"column":9},"end":{"line":276,"column":39}},"loc":{"start":{"line":276,"column":57},"end":{"line":304,"column":1}},"line":276},"14":{"name":"(anonymous_14)","decl":{"start":{"line":281,"column":24},"end":{"line":281,"column":25}},"loc":{"start":{"line":281,"column":36},"end":{"line":297,"column":13}},"line":281},"15":{"name":"getNextTextNodeInContainer","decl":{"start":{"line":307,"column":9},"end":{"line":307,"column":35}},"loc":{"start":{"line":307,"column":53},"end":{"line":335,"column":1}},"line":307},"16":{"name":"(anonymous_16)","decl":{"start":{"line":312,"column":24},"end":{"line":312,"column":25}},"loc":{"start":{"line":312,"column":36},"end":{"line":328,"column":13}},"line":312},"17":{"name":"isNonContentText","decl":{"start":{"line":338,"column":9},"end":{"line":338,"column":25}},"loc":{"start":{"line":338,"column":32},"end":{"line":358,"column":1}},"line":338},"18":{"name":"(anonymous_18)","decl":{"start":{"line":357,"column":35},"end":{"line":357,"column":36}},"loc":{"start":{"line":357,"column":46},"end":{"line":357,"column":67}},"line":357},"19":{"name":"createHighlightElement","decl":{"start":{"line":361,"column":9},"end":{"line":361,"column":31}},"loc":{"start":{"line":361,"column":66},"end":{"line":390,"column":1}},"line":361},"20":{"name":"cleanContextText","decl":{"start":{"line":394,"column":9},"end":{"line":394,"column":25}},"loc":{"start":{"line":394,"column":32},"end":{"line":434,"column":1}},"line":394},"21":{"name":"(anonymous_21)","decl":{"start":{"line":420,"column":46},"end":{"line":420,"column":47}},"loc":{"start":{"line":420,"column":54},"end":{"line":428,"column":5}},"line":420},"22":{"name":"generateUUID","decl":{"start":{"line":437,"column":9},"end":{"line":437,"column":21}},"loc":{"start":{"line":437,"column":24},"end":{"line":443,"column":1}},"line":437},"23":{"name":"(anonymous_23)","decl":{"start":{"line":438,"column":67},"end":{"line":438,"column":68}},"loc":{"start":{"line":438,"column":79},"end":{"line":442,"column":5}},"line":438}},"branchMap":{"0":{"loc":{"start":{"line":6,"column":4},"end":{"line":6,"column":44}},"type":"if","locations":[{"start":{"line":6,"column":4},"end":{"line":6,"column":44}},{"start":{},"end":{}}],"line":6},"1":{"loc":{"start":{"line":6,"column":8},"end":{"line":6,"column":30}},"type":"binary-expr","locations":[{"start":{"line":6,"column":8},"end":{"line":6,"column":17}},{"start":{"line":6,"column":21},"end":{"line":6,"column":30}}],"line":6},"2":{"loc":{"start":{"line":11,"column":11},"end":{"line":11,"column":47}},"type":"binary-expr","locations":[{"start":{"line":11,"column":11},"end":{"line":11,"column":18}},{"start":{"line":11,"column":22},"end":{"line":11,"column":47}}],"line":11},"3":{"loc":{"start":{"line":18,"column":11},"end":{"line":18,"column":47}},"type":"binary-expr","locations":[{"start":{"line":18,"column":11},"end":{"line":18,"column":18}},{"start":{"line":18,"column":22},"end":{"line":18,"column":47}}],"line":18},"4":{"loc":{"start":{"line":19,"column":8},"end":{"line":21,"column":9}},"type":"if","locations":[{"start":{"line":19,"column":8},"end":{"line":21,"column":9}},{"start":{},"end":{}}],"line":19},"5":{"loc":{"start":{"line":30,"column":18},"end":{"line":30,"column":87}},"type":"cond-expr","locations":[{"start":{"line":30,"column":56},"end":{"line":30,"column":77}},{"start":{"line":30,"column":80},"end":{"line":30,"column":87}}],"line":30},"6":{"loc":{"start":{"line":47,"column":11},"end":{"line":47,"column":47}},"type":"binary-expr","locations":[{"start":{"line":47,"column":11},"end":{"line":47,"column":18}},{"start":{"line":47,"column":22},"end":{"line":47,"column":47}}],"line":47},"7":{"loc":{"start":{"line":50,"column":23},"end":{"line":50,"column":67}},"type":"binary-expr","locations":[{"start":{"line":50,"column":23},"end":{"line":50,"column":38}},{"start":{"line":50,"column":42},"end":{"line":50,"column":67}}],"line":50},"8":{"loc":{"start":{"line":56,"column":8},"end":{"line":71,"column":9}},"type":"if","locations":[{"start":{"line":56,"column":8},"end":{"line":71,"column":9}},{"start":{},"end":{}}],"line":56},"9":{"loc":{"start":{"line":59,"column":27},"end":{"line":59,"column":71}},"type":"binary-expr","locations":[{"start":{"line":59,"column":27},"end":{"line":59,"column":42}},{"start":{"line":59,"column":46},"end":{"line":59,"column":71}}],"line":59},"10":{"loc":{"start":{"line":65,"column":12},"end":{"line":70,"column":13}},"type":"if","locations":[{"start":{"line":65,"column":12},"end":{"line":70,"column":13}},{"start":{},"end":{}}],"line":65},"11":{"loc":{"start":{"line":66,"column":36},"end":{"line":66,"column":61}},"type":"binary-expr","locations":[{"start":{"line":66,"column":36},"end":{"line":66,"column":55}},{"start":{"line":66,"column":59},"end":{"line":66,"column":61}}],"line":66},"12":{"loc":{"start":{"line":67,"column":16},"end":{"line":69,"column":17}},"type":"if","locations":[{"start":{"line":67,"column":16},"end":{"line":69,"column":17}},{"start":{},"end":{}}],"line":67},"13":{"loc":{"start":{"line":77,"column":14},"end":{"line":77,"column":83}},"type":"cond-expr","locations":[{"start":{"line":77,"column":52},"end":{"line":77,"column":73}},{"start":{"line":77,"column":76},"end":{"line":77,"column":83}}],"line":77},"14":{"loc":{"start":{"line":78,"column":11},"end":{"line":78,"column":47}},"type":"binary-expr","locations":[{"start":{"line":78,"column":11},"end":{"line":78,"column":18}},{"start":{"line":78,"column":22},"end":{"line":78,"column":47}}],"line":78},"15":{"loc":{"start":{"line":79,"column":8},"end":{"line":84,"column":9}},"type":"if","locations":[{"start":{"line":79,"column":8},"end":{"line":84,"column":9}},{"start":{},"end":{}}],"line":79},"16":{"loc":{"start":{"line":79,"column":12},"end":{"line":79,"column":64}},"type":"binary-expr","locations":[{"start":{"line":79,"column":12},"end":{"line":79,"column":35}},{"start":{"line":79,"column":39},"end":{"line":79,"column":64}}],"line":79},"17":{"loc":{"start":{"line":80,"column":32},"end":{"line":80,"column":57}},"type":"binary-expr","locations":[{"start":{"line":80,"column":32},"end":{"line":80,"column":51}},{"start":{"line":80,"column":55},"end":{"line":80,"column":57}}],"line":80},"18":{"loc":{"start":{"line":81,"column":12},"end":{"line":83,"column":13}},"type":"if","locations":[{"start":{"line":81,"column":12},"end":{"line":83,"column":13}},{"start":{},"end":{}}],"line":81},"19":{"loc":{"start":{"line":93,"column":4},"end":{"line":93,"column":28}},"type":"if","locations":[{"start":{"line":93,"column":4},"end":{"line":93,"column":28}},{"start":{},"end":{}}],"line":93},"20":{"loc":{"start":{"line":102,"column":16},"end":{"line":102,"column":61}},"type":"if","locations":[{"start":{"line":102,"column":16},"end":{"line":102,"column":61}},{"start":{},"end":{}}],"line":102},"21":{"loc":{"start":{"line":106,"column":16},"end":{"line":108,"column":17}},"type":"if","locations":[{"start":{"line":106,"column":16},"end":{"line":108,"column":17}},{"start":{},"end":{}}],"line":106},"22":{"loc":{"start":{"line":106,"column":20},"end":{"line":106,"column":102}},"type":"binary-expr","locations":[{"start":{"line":106,"column":20},"end":{"line":106,"column":44}},{"start":{"line":106,"column":48},"end":{"line":106,"column":77}},{"start":{"line":106,"column":81},"end":{"line":106,"column":102}}],"line":106},"23":{"loc":{"start":{"line":111,"column":16},"end":{"line":113,"column":17}},"type":"if","locations":[{"start":{"line":111,"column":16},"end":{"line":113,"column":17}},{"start":{},"end":{}}],"line":111},"24":{"loc":{"start":{"line":130,"column":4},"end":{"line":132,"column":5}},"type":"if","locations":[{"start":{"line":130,"column":4},"end":{"line":132,"column":5}},{"start":{},"end":{}}],"line":130},"25":{"loc":{"start":{"line":134,"column":4},"end":{"line":136,"column":5}},"type":"if","locations":[{"start":{"line":134,"column":4},"end":{"line":136,"column":5}},{"start":{},"end":{}}],"line":134},"26":{"loc":{"start":{"line":139,"column":11},"end":{"line":139,"column":60}},"type":"binary-expr","locations":[{"start":{"line":139,"column":11},"end":{"line":139,"column":18}},{"start":{"line":139,"column":22},"end":{"line":139,"column":60}}],"line":139},"27":{"loc":{"start":{"line":144,"column":12},"end":{"line":146,"column":13}},"type":"if","locations":[{"start":{"line":144,"column":12},"end":{"line":146,"column":13}},{"start":{},"end":{}}],"line":144},"28":{"loc":{"start":{"line":144,"column":16},"end":{"line":144,"column":95}},"type":"binary-expr","locations":[{"start":{"line":144,"column":16},"end":{"line":144,"column":54}},{"start":{"line":144,"column":58},"end":{"line":144,"column":95}}],"line":144},"29":{"loc":{"start":{"line":151,"column":21},"end":{"line":151,"column":69}},"type":"cond-expr","locations":[{"start":{"line":151,"column":33},"end":{"line":151,"column":59}},{"start":{"line":151,"column":62},"end":{"line":151,"column":69}}],"line":151},"30":{"loc":{"start":{"line":157,"column":11},"end":{"line":157,"column":52}},"type":"cond-expr","locations":[{"start":{"line":157,"column":26},"end":{"line":157,"column":47}},{"start":{"line":157,"column":50},"end":{"line":157,"column":52}}],"line":157},"31":{"loc":{"start":{"line":162,"column":4},"end":{"line":162,"column":54}},"type":"if","locations":[{"start":{"line":162,"column":4},"end":{"line":162,"column":54}},{"start":{},"end":{}}],"line":162},"32":{"loc":{"start":{"line":162,"column":8},"end":{"line":162,"column":39}},"type":"binary-expr","locations":[{"start":{"line":162,"column":8},"end":{"line":162,"column":12}},{"start":{"line":162,"column":16},"end":{"line":162,"column":39}}],"line":162},"33":{"loc":{"start":{"line":167,"column":11},"end":{"line":167,"column":85}},"type":"binary-expr","locations":[{"start":{"line":167,"column":11},"end":{"line":167,"column":33}},{"start":{"line":167,"column":37},"end":{"line":167,"column":60}},{"start":{"line":167,"column":64},"end":{"line":167,"column":85}}],"line":167},"34":{"loc":{"start":{"line":172,"column":4},"end":{"line":174,"column":5}},"type":"if","locations":[{"start":{"line":172,"column":4},"end":{"line":174,"column":5}},{"start":{},"end":{}}],"line":172},"35":{"loc":{"start":{"line":172,"column":8},"end":{"line":172,"column":58}},"type":"binary-expr","locations":[{"start":{"line":172,"column":8},"end":{"line":172,"column":16}},{"start":{"line":172,"column":20},"end":{"line":172,"column":58}}],"line":172},"36":{"loc":{"start":{"line":178,"column":8},"end":{"line":180,"column":9}},"type":"if","locations":[{"start":{"line":178,"column":8},"end":{"line":180,"column":9}},{"start":{},"end":{}}],"line":178},"37":{"loc":{"start":{"line":178,"column":12},"end":{"line":178,"column":58}},"type":"binary-expr","locations":[{"start":{"line":178,"column":12},"end":{"line":178,"column":22}},{"start":{"line":178,"column":26},"end":{"line":178,"column":58}}],"line":178},"38":{"loc":{"start":{"line":188,"column":15},"end":{"line":188,"column":113}},"type":"binary-expr","locations":[{"start":{"line":188,"column":15},"end":{"line":188,"column":22}},{"start":{"line":188,"column":26},"end":{"line":188,"column":64}},{"start":{"line":188,"column":68},"end":{"line":188,"column":93}},{"start":{"line":188,"column":97},"end":{"line":188,"column":113}}],"line":188},"39":{"loc":{"start":{"line":192,"column":12},"end":{"line":200,"column":13}},"type":"if","locations":[{"start":{"line":192,"column":12},"end":{"line":200,"column":13}},{"start":{},"end":{}}],"line":192},"40":{"loc":{"start":{"line":192,"column":16},"end":{"line":192,"column":74}},"type":"binary-expr","locations":[{"start":{"line":192,"column":16},"end":{"line":192,"column":33}},{"start":{"line":192,"column":37},"end":{"line":192,"column":74}}],"line":192},"41":{"loc":{"start":{"line":194,"column":33},"end":{"line":194,"column":88}},"type":"binary-expr","locations":[{"start":{"line":194,"column":33},"end":{"line":194,"column":34}},{"start":{"line":194,"column":38},"end":{"line":194,"column":61}},{"start":{"line":194,"column":65},"end":{"line":194,"column":88}}],"line":194},"42":{"loc":{"start":{"line":197,"column":16},"end":{"line":199,"column":17}},"type":"if","locations":[{"start":{"line":197,"column":16},"end":{"line":199,"column":17}},{"start":{},"end":{}}],"line":197},"43":{"loc":{"start":{"line":207,"column":15},"end":{"line":207,"column":54}},"type":"cond-expr","locations":[{"start":{"line":207,"column":33},"end":{"line":207,"column":49}},{"start":{"line":207,"column":52},"end":{"line":207,"column":54}}],"line":207},"44":{"loc":{"start":{"line":216,"column":4},"end":{"line":216,"column":28}},"type":"if","locations":[{"start":{"line":216,"column":4},"end":{"line":216,"column":28}},{"start":{},"end":{}}],"line":216},"45":{"loc":{"start":{"line":222,"column":20},"end":{"line":222,"column":65}},"type":"binary-expr","locations":[{"start":{"line":222,"column":20},"end":{"line":222,"column":25}},{"start":{"line":222,"column":29},"end":{"line":222,"column":36}},{"start":{"line":222,"column":40},"end":{"line":222,"column":65}}],"line":222},"46":{"loc":{"start":{"line":223,"column":24},"end":{"line":223,"column":80}},"type":"cond-expr","locations":[{"start":{"line":223,"column":42},"end":{"line":223,"column":71}},{"start":{"line":223,"column":74},"end":{"line":223,"column":80}}],"line":223},"47":{"loc":{"start":{"line":224,"column":26},"end":{"line":225,"column":111}},"type":"cond-expr","locations":[{"start":{"line":225,"column":12},"end":{"line":225,"column":106}},{"start":{"line":225,"column":109},"end":{"line":225,"column":111}}],"line":224},"48":{"loc":{"start":{"line":224,"column":26},"end":{"line":224,"column":84}},"type":"binary-expr","locations":[{"start":{"line":224,"column":26},"end":{"line":224,"column":43}},{"start":{"line":224,"column":47},"end":{"line":224,"column":84}}],"line":224},"49":{"loc":{"start":{"line":225,"column":55},"end":{"line":225,"column":83}},"type":"binary-expr","locations":[{"start":{"line":225,"column":55},"end":{"line":225,"column":56}},{"start":{"line":225,"column":60},"end":{"line":225,"column":83}}],"line":225},"50":{"loc":{"start":{"line":227,"column":41},"end":{"line":227,"column":73}},"type":"cond-expr","locations":[{"start":{"line":227,"column":53},"end":{"line":227,"column":68}},{"start":{"line":227,"column":71},"end":{"line":227,"column":73}}],"line":227},"51":{"loc":{"start":{"line":240,"column":4},"end":{"line":243,"column":5}},"type":"if","locations":[{"start":{"line":240,"column":4},"end":{"line":243,"column":5}},{"start":{},"end":{}}],"line":240},"52":{"loc":{"start":{"line":240,"column":8},"end":{"line":240,"column":103}},"type":"binary-expr","locations":[{"start":{"line":240,"column":8},"end":{"line":240,"column":51}},{"start":{"line":240,"column":55},"end":{"line":240,"column":103}}],"line":240},"53":{"loc":{"start":{"line":258,"column":8},"end":{"line":269,"column":9}},"type":"if","locations":[{"start":{"line":258,"column":8},"end":{"line":269,"column":9}},{"start":{"line":260,"column":15},"end":{"line":269,"column":9}}],"line":258},"54":{"loc":{"start":{"line":258,"column":12},"end":{"line":258,"column":72}},"type":"binary-expr","locations":[{"start":{"line":258,"column":12},"end":{"line":258,"column":41}},{"start":{"line":258,"column":45},"end":{"line":258,"column":72}}],"line":258},"55":{"loc":{"start":{"line":260,"column":15},"end":{"line":269,"column":9}},"type":"if","locations":[{"start":{"line":260,"column":15},"end":{"line":269,"column":9}},{"start":{},"end":{}}],"line":260},"56":{"loc":{"start":{"line":260,"column":19},"end":{"line":260,"column":66}},"type":"binary-expr","locations":[{"start":{"line":260,"column":19},"end":{"line":260,"column":36}},{"start":{"line":260,"column":40},"end":{"line":260,"column":66}}],"line":260},"57":{"loc":{"start":{"line":263,"column":16},"end":{"line":265,"column":17}},"type":"if","locations":[{"start":{"line":263,"column":16},"end":{"line":265,"column":17}},{"start":{},"end":{}}],"line":263},"58":{"loc":{"start":{"line":263,"column":20},"end":{"line":263,"column":88}},"type":"binary-expr","locations":[{"start":{"line":263,"column":20},"end":{"line":263,"column":46}},{"start":{"line":263,"column":50},"end":{"line":263,"column":88}}],"line":263},"59":{"loc":{"start":{"line":283,"column":16},"end":{"line":283,"column":61}},"type":"if","locations":[{"start":{"line":283,"column":16},"end":{"line":283,"column":61}},{"start":{},"end":{}}],"line":283},"60":{"loc":{"start":{"line":287,"column":16},"end":{"line":289,"column":17}},"type":"if","locations":[{"start":{"line":287,"column":16},"end":{"line":289,"column":17}},{"start":{},"end":{}}],"line":287},"61":{"loc":{"start":{"line":287,"column":20},"end":{"line":287,"column":77}},"type":"binary-expr","locations":[{"start":{"line":287,"column":20},"end":{"line":287,"column":44}},{"start":{"line":287,"column":48},"end":{"line":287,"column":77}}],"line":287},"62":{"loc":{"start":{"line":292,"column":16},"end":{"line":294,"column":17}},"type":"if","locations":[{"start":{"line":292,"column":16},"end":{"line":294,"column":17}},{"start":{},"end":{}}],"line":292},"63":{"loc":{"start":{"line":314,"column":16},"end":{"line":314,"column":61}},"type":"if","locations":[{"start":{"line":314,"column":16},"end":{"line":314,"column":61}},{"start":{},"end":{}}],"line":314},"64":{"loc":{"start":{"line":318,"column":16},"end":{"line":320,"column":17}},"type":"if","locations":[{"start":{"line":318,"column":16},"end":{"line":320,"column":17}},{"start":{},"end":{}}],"line":318},"65":{"loc":{"start":{"line":318,"column":20},"end":{"line":318,"column":77}},"type":"binary-expr","locations":[{"start":{"line":318,"column":20},"end":{"line":318,"column":44}},{"start":{"line":318,"column":48},"end":{"line":318,"column":77}}],"line":318},"66":{"loc":{"start":{"line":323,"column":16},"end":{"line":325,"column":17}},"type":"if","locations":[{"start":{"line":323,"column":16},"end":{"line":325,"column":17}},{"start":{},"end":{}}],"line":323},"67":{"loc":{"start":{"line":342,"column":4},"end":{"line":342,"column":40}},"type":"if","locations":[{"start":{"line":342,"column":4},"end":{"line":342,"column":40}},{"start":{},"end":{}}],"line":342},"68":{"loc":{"start":{"line":367,"column":8},"end":{"line":369,"column":9}},"type":"if","locations":[{"start":{"line":367,"column":8},"end":{"line":369,"column":9}},{"start":{},"end":{}}],"line":367},"69":{"loc":{"start":{"line":395,"column":4},"end":{"line":395,"column":25}},"type":"if","locations":[{"start":{"line":395,"column":4},"end":{"line":395,"column":25}},{"start":{},"end":{}}],"line":395},"70":{"loc":{"start":{"line":422,"column":8},"end":{"line":422,"column":39}},"type":"if","locations":[{"start":{"line":422,"column":8},"end":{"line":422,"column":39}},{"start":{},"end":{}}],"line":422},"71":{"loc":{"start":{"line":425,"column":15},"end":{"line":427,"column":32}},"type":"binary-expr","locations":[{"start":{"line":425,"column":15},"end":{"line":425,"column":31}},{"start":{"line":426,"column":15},"end":{"line":426,"column":36}},{"start":{"line":427,"column":15},"end":{"line":427,"column":32}}],"line":425},"72":{"loc":{"start":{"line":440,"column":18},"end":{"line":440,"column":49}},"type":"cond-expr","locations":[{"start":{"line":440,"column":30},"end":{"line":440,"column":31}},{"start":{"line":440,"column":35},"end":{"line":440,"column":48}}],"line":440}},"s":{"0":0,"1":0,"2":0,"3":0,"4":0,"5":0,"6":0,"7":0,"8":0,"9":0,"10":0,"11":0,"12":0,"13":0,"14":0,"15":0,"16":0,"17":0,"18":0,"19":0,"20":0,"21":0,"22":0,"23":0,"24":0,"25":0,"26":0,"27":0,"28":0,"29":0,"30":0,"31":0,"32":0,"33":0,"34":0,"35":0,"36":0,"37":0,"38":0,"39":0,"40":0,"41":0,"42":0,"43":0,"44":0,"45":0,"46":0,"47":0,"48":0,"49":0,"50":0,"51":0,"52":0,"53":0,"54":0,"55":0,"56":0,"57":0,"58":0,"59":0,"60":0,"61":0,"62":0,"63":0,"64":0,"65":0,"66":0,"67":0,"68":0,"69":0,"70":0,"71":0,"72":0,"73":0,"74":0,"75":0,"76":0,"77":0,"78":0,"79":0,"80":0,"81":0,"82":0,"83":0,"84":0,"85":0,"86":0,"87":0,"88":0,"89":0,"90":0,"91":0,"92":0,"93":0,"94":0,"95":0,"96":0,"97":0,"98":0,"99":0,"100":0,"101":0,"102":0,"103":0,"104":0,"105":0,"106":0,"107":0,"108":0,"109":0,"110":0,"111":0,"112":0,"113":0,"114":0,"115":0,"116":0,"117":0,"118":0,"119":0,"120":0,"121":0,"122":0,"123":0,"124":0,"125":0,"126":0,"127":0,"128":0,"129":0,"130":0,"131":0,"132":0,"133":0,"134":0,"135":0,"136":0,"137":0,"138":0,"139":0,"140":0,"141":0,"142":0,"143":0,"144":0,"145":0,"146":0,"147":0,"148":0,"149":0,"150":0,"151":0,"152":0,"153":0,"154":0,"155":0,"156":0,"157":0,"158":0,"159":0,"160":0,"161":0,"162":0,"163":0,"164":0,"165":0,"166":0,"167":0,"168":0,"169":0,"170":0,"171":0,"172":0,"173":0,"174":0,"175":0,"176":0,"177":0,"178":0,"179":0,"180":0,"181":0,"182":0,"183":0,"184":0,"185":0,"186":0,"187":0,"188":0,"189":0,"190":0,"191":0},"f":{"0":0,"1":0,"2":0,"3":0,"4":0,"5":0,"6":0,"7":0,"8":0,"9":0,"10":0,"11":0,"12":0,"13":0,"14":0,"15":0,"16":0,"17":0,"18":0,"19":0,"20":0,"21":0,"22":0,"23":0},"b":{"0":[0,0],"1":[0,0],"2":[0,0],"3":[0,0],"4":[0,0],"5":[0,0],"6":[0,0],"7":[0,0],"8":[0,0],"9":[0,0],"10":[0,0],"11":[0,0],"12":[0,0],"13":[0,0],"14":[0,0],"15":[0,0],"16":[0,0],"17":[0,0],"18":[0,0],"19":[0,0],"20":[0,0],"21":[0,0],"22":[0,0,0],"23":[0,0],"24":[0,0],"25":[0,0],"26":[0,0],"27":[0,0],"28":[0,0],"29":[0,0],"30":[0,0],"31":[0,0],"32":[0,0],"33":[0,0,0],"34":[0,0],"35":[0,0],"36":[0,0],"37":[0,0],"38":[0,0,0,0],"39":[0,0],"40":[0,0],"41":[0,0,0],"42":[0,0],"43":[0,0],"44":[0,0],"45":[0,0,0],"46":[0,0],"47":[0,0],"48":[0,0],"49":[0,0],"50":[0,0],"51":[0,0],"52":[0,0],"53":[0,0],"54":[0,0],"55":[0,0],"56":[0,0],"57":[0,0],"58":[0,0],"59":[0,0],"60":[0,0],"61":[0,0],"62":[0,0],"63":[0,0],"64":[0,0],"65":[0,0],"66":[0,0],"67":[0,0],"68":[0,0],"69":[0,0],"70":[0,0],"71":[0,0,0],"72":[0,0]}}
,"/Users/aweimeow/Tools/lumos-highlighter/content/modules/dynamicContentHandler.js": {"path":"/Users/aweimeow/Tools/lumos-highlighter/content/modules/dynamicContentHandler.js","statementMap":{"0":{"start":{"line":4,"column":24},"end":{"line":4,"column":26}},"1":{"start":{"line":5,"column":18},"end":{"line":5,"column":22}},"2":{"start":{"line":9,"column":4},"end":{"line":14,"column":5}},"3":{"start":{"line":10,"column":8},"end":{"line":10,"column":46}},"4":{"start":{"line":11,"column":8},"end":{"line":11,"column":101}},"5":{"start":{"line":13,"column":8},"end":{"line":13,"column":68}},"6":{"start":{"line":19,"column":4},"end":{"line":19,"column":47}},"7":{"start":{"line":19,"column":40},"end":{"line":19,"column":47}},"8":{"start":{"line":21,"column":4},"end":{"line":44,"column":5}},"9":{"start":{"line":22,"column":8},"end":{"line":22,"column":84}},"10":{"start":{"line":24,"column":26},"end":{"line":24,"column":28}},"11":{"start":{"line":26,"column":8},"end":{"line":35,"column":9}},"12":{"start":{"line":27,"column":12},"end":{"line":34,"column":13}},"13":{"start":{"line":28,"column":32},"end":{"line":28,"column":99}},"14":{"start":{"line":29,"column":16},"end":{"line":31,"column":17}},"15":{"start":{"line":30,"column":20},"end":{"line":30,"column":50}},"16":{"start":{"line":33,"column":16},"end":{"line":33,"column":46}},"17":{"start":{"line":37,"column":8},"end":{"line":37,"column":38}},"18":{"start":{"line":39,"column":8},"end":{"line":41,"column":9}},"19":{"start":{"line":40,"column":12},"end":{"line":40,"column":80}},"20":{"start":{"line":43,"column":8},"end":{"line":43,"column":69}},"21":{"start":{"line":49,"column":4},"end":{"line":49,"column":28}},"22":{"start":{"line":49,"column":21},"end":{"line":49,"column":28}},"23":{"start":{"line":51,"column":4},"end":{"line":84,"column":5}},"24":{"start":{"line":52,"column":8},"end":{"line":74,"column":11}},"25":{"start":{"line":53,"column":40},"end":{"line":53,"column":45}},"26":{"start":{"line":55,"column":12},"end":{"line":68,"column":13}},"27":{"start":{"line":56,"column":16},"end":{"line":67,"column":17}},"28":{"start":{"line":58,"column":20},"end":{"line":66,"column":21}},"29":{"start":{"line":59,"column":24},"end":{"line":65,"column":25}},"30":{"start":{"line":60,"column":48},"end":{"line":60,"column":70}},"31":{"start":{"line":61,"column":28},"end":{"line":64,"column":29}},"32":{"start":{"line":62,"column":32},"end":{"line":62,"column":61}},"33":{"start":{"line":63,"column":32},"end":{"line":63,"column":38}},"34":{"start":{"line":70,"column":12},"end":{"line":73,"column":13}},"35":{"start":{"line":71,"column":16},"end":{"line":71,"column":98}},"36":{"start":{"line":72,"column":16},"end":{"line":72,"column":59}},"37":{"start":{"line":76,"column":8},"end":{"line":79,"column":11}},"38":{"start":{"line":81,"column":8},"end":{"line":81,"column":44}},"39":{"start":{"line":83,"column":8},"end":{"line":83,"column":61}},"40":{"start":{"line":89,"column":4},"end":{"line":93,"column":5}},"41":{"start":{"line":90,"column":8},"end":{"line":90,"column":33}},"42":{"start":{"line":91,"column":8},"end":{"line":91,"column":27}},"43":{"start":{"line":92,"column":8},"end":{"line":92,"column":44}},"44":{"start":{"line":98,"column":4},"end":{"line":98,"column":22}},"45":{"start":{"line":103,"column":4},"end":{"line":108,"column":5}},"46":{"start":{"line":105,"column":8},"end":{"line":105,"column":35}},"47":{"start":{"line":107,"column":8},"end":{"line":107,"column":64}},"48":{"start":{"line":113,"column":4},"end":{"line":122,"column":5}},"49":{"start":{"line":114,"column":8},"end":{"line":114,"column":27}},"50":{"start":{"line":117,"column":8},"end":{"line":117,"column":52}},"51":{"start":{"line":119,"column":8},"end":{"line":119,"column":59}},"52":{"start":{"line":121,"column":8},"end":{"line":121,"column":76}},"53":{"start":{"line":127,"column":18},"end":{"line":127,"column":19}},"54":{"start":{"line":129,"column":23},"end":{"line":145,"column":5}},"55":{"start":{"line":130,"column":8},"end":{"line":136,"column":9}},"56":{"start":{"line":131,"column":28},"end":{"line":131,"column":95}},"57":{"start":{"line":132,"column":12},"end":{"line":135,"column":13}},"58":{"start":{"line":133,"column":16},"end":{"line":133,"column":108}},"59":{"start":{"line":134,"column":16},"end":{"line":134,"column":23}},"60":{"start":{"line":138,"column":8},"end":{"line":138,"column":18}},"61":{"start":{"line":139,"column":8},"end":{"line":144,"column":9}},"62":{"start":{"line":140,"column":12},"end":{"line":140,"column":51}},"63":{"start":{"line":142,"column":12},"end":{"line":142,"column":115}},"64":{"start":{"line":143,"column":12},"end":{"line":143,"column":50}},"65":{"start":{"line":147,"column":4},"end":{"line":147,"column":17}},"66":{"start":{"line":152,"column":4},"end":{"line":152,"column":36}},"67":{"start":{"line":157,"column":4},"end":{"line":157,"column":27}},"68":{"start":{"line":161,"column":0},"end":{"line":161,"column":43}},"69":{"start":{"line":164,"column":0},"end":{"line":175,"column":2}}},"fnMap":{"0":{"name":"addToPendingHighlights","decl":{"start":{"line":8,"column":9},"end":{"line":8,"column":31}},"loc":{"start":{"line":8,"column":47},"end":{"line":15,"column":1}},"line":8},"1":{"name":"processPendingHighlights","decl":{"start":{"line":18,"column":9},"end":{"line":18,"column":33}},"loc":{"start":{"line":18,"column":36},"end":{"line":45,"column":1}},"line":18},"2":{"name":"startDOMObserver","decl":{"start":{"line":48,"column":9},"end":{"line":48,"column":25}},"loc":{"start":{"line":48,"column":28},"end":{"line":85,"column":1}},"line":48},"3":{"name":"(anonymous_3)","decl":{"start":{"line":52,"column":43},"end":{"line":52,"column":44}},"loc":{"start":{"line":52,"column":58},"end":{"line":74,"column":9}},"line":52},"4":{"name":"stopDOMObserver","decl":{"start":{"line":88,"column":9},"end":{"line":88,"column":24}},"loc":{"start":{"line":88,"column":27},"end":{"line":94,"column":1}},"line":88},"5":{"name":"disconnectDOMObserver","decl":{"start":{"line":97,"column":9},"end":{"line":97,"column":30}},"loc":{"start":{"line":97,"column":33},"end":{"line":99,"column":1}},"line":97},"6":{"name":"handleContentChanges","decl":{"start":{"line":102,"column":9},"end":{"line":102,"column":29}},"loc":{"start":{"line":102,"column":32},"end":{"line":109,"column":1}},"line":102},"7":{"name":"initializeDynamicContent","decl":{"start":{"line":112,"column":9},"end":{"line":112,"column":33}},"loc":{"start":{"line":112,"column":36},"end":{"line":123,"column":1}},"line":112},"8":{"name":"retryHighlightRestoration","decl":{"start":{"line":126,"column":9},"end":{"line":126,"column":34}},"loc":{"start":{"line":126,"column":66},"end":{"line":148,"column":1}},"line":126},"9":{"name":"(anonymous_9)","decl":{"start":{"line":129,"column":23},"end":{"line":129,"column":24}},"loc":{"start":{"line":129,"column":29},"end":{"line":145,"column":5}},"line":129},"10":{"name":"getPendingHighlightsCount","decl":{"start":{"line":151,"column":9},"end":{"line":151,"column":34}},"loc":{"start":{"line":151,"column":37},"end":{"line":153,"column":1}},"line":151},"11":{"name":"clearPendingHighlights","decl":{"start":{"line":156,"column":9},"end":{"line":156,"column":31}},"loc":{"start":{"line":156,"column":34},"end":{"line":158,"column":1}},"line":156}},"branchMap":{"0":{"loc":{"start":{"line":19,"column":4},"end":{"line":19,"column":47}},"type":"if","locations":[{"start":{"line":19,"column":4},"end":{"line":19,"column":47}},{"start":{},"end":{}}],"line":19},"1":{"loc":{"start":{"line":27,"column":12},"end":{"line":34,"column":13}},"type":"if","locations":[{"start":{"line":27,"column":12},"end":{"line":34,"column":13}},{"start":{"line":32,"column":19},"end":{"line":34,"column":13}}],"line":27},"2":{"loc":{"start":{"line":29,"column":16},"end":{"line":31,"column":17}},"type":"if","locations":[{"start":{"line":29,"column":16},"end":{"line":31,"column":17}},{"start":{},"end":{}}],"line":29},"3":{"loc":{"start":{"line":39,"column":8},"end":{"line":41,"column":9}},"type":"if","locations":[{"start":{"line":39,"column":8},"end":{"line":41,"column":9}},{"start":{},"end":{}}],"line":39},"4":{"loc":{"start":{"line":49,"column":4},"end":{"line":49,"column":28}},"type":"if","locations":[{"start":{"line":49,"column":4},"end":{"line":49,"column":28}},{"start":{},"end":{}}],"line":49},"5":{"loc":{"start":{"line":56,"column":16},"end":{"line":67,"column":17}},"type":"if","locations":[{"start":{"line":56,"column":16},"end":{"line":67,"column":17}},{"start":{},"end":{}}],"line":56},"6":{"loc":{"start":{"line":56,"column":20},"end":{"line":56,"column":83}},"type":"binary-expr","locations":[{"start":{"line":56,"column":20},"end":{"line":56,"column":49}},{"start":{"line":56,"column":53},"end":{"line":56,"column":83}}],"line":56},"7":{"loc":{"start":{"line":59,"column":24},"end":{"line":65,"column":25}},"type":"if","locations":[{"start":{"line":59,"column":24},"end":{"line":65,"column":25}},{"start":{},"end":{}}],"line":59},"8":{"loc":{"start":{"line":60,"column":48},"end":{"line":60,"column":70}},"type":"binary-expr","locations":[{"start":{"line":60,"column":48},"end":{"line":60,"column":64}},{"start":{"line":60,"column":68},"end":{"line":60,"column":70}}],"line":60},"9":{"loc":{"start":{"line":61,"column":28},"end":{"line":64,"column":29}},"type":"if","locations":[{"start":{"line":61,"column":28},"end":{"line":64,"column":29}},{"start":{},"end":{}}],"line":61},"10":{"loc":{"start":{"line":70,"column":12},"end":{"line":73,"column":13}},"type":"if","locations":[{"start":{"line":70,"column":12},"end":{"line":73,"column":13}},{"start":{},"end":{}}],"line":70},"11":{"loc":{"start":{"line":89,"column":4},"end":{"line":93,"column":5}},"type":"if","locations":[{"start":{"line":89,"column":4},"end":{"line":93,"column":5}},{"start":{},"end":{}}],"line":89},"12":{"loc":{"start":{"line":126,"column":50},"end":{"line":126,"column":64}},"type":"default-arg","locations":[{"start":{"line":126,"column":63},"end":{"line":126,"column":64}}],"line":126},"13":{"loc":{"start":{"line":130,"column":8},"end":{"line":136,"column":9}},"type":"if","locations":[{"start":{"line":130,"column":8},"end":{"line":136,"column":9}},{"start":{},"end":{}}],"line":130},"14":{"loc":{"start":{"line":132,"column":12},"end":{"line":135,"column":13}},"type":"if","locations":[{"start":{"line":132,"column":12},"end":{"line":135,"column":13}},{"start":{},"end":{}}],"line":132},"15":{"loc":{"start":{"line":139,"column":8},"end":{"line":144,"column":9}},"type":"if","locations":[{"start":{"line":139,"column":8},"end":{"line":144,"column":9}},{"start":{"line":141,"column":15},"end":{"line":144,"column":9}}],"line":139}},"s":{"0":0,"1":0,"2":0,"3":0,"4":0,"5":0,"6":0,"7":0,"8":0,"9":0,"10":0,"11":0,"12":0,"13":0,"14":0,"15":0,"16":0,"17":0,"18":0,"19":0,"20":0,"21":0,"22":0,"23":0,"24":0,"25":0,"26":0,"27":0,"28":0,"29":0,"30":0,"31":0,"32":0,"33":0,"34":0,"35":0,"36":0,"37":0,"38":0,"39":0,"40":0,"41":0,"42":0,"43":0,"44":0,"45":0,"46":0,"47":0,"48":0,"49":0,"50":0,"51":0,"52":0,"53":0,"54":0,"55":0,"56":0,"57":0,"58":0,"59":0,"60":0,"61":0,"62":0,"63":0,"64":0,"65":0,"66":0,"67":0,"68":0,"69":0},"f":{"0":0,"1":0,"2":0,"3":0,"4":0,"5":0,"6":0,"7":0,"8":0,"9":0,"10":0,"11":0},"b":{"0":[0,0],"1":[0,0],"2":[0,0],"3":[0,0],"4":[0,0],"5":[0,0],"6":[0,0],"7":[0,0],"8":[0,0],"9":[0,0],"10":[0,0],"11":[0,0],"12":[0],"13":[0,0],"14":[0,0],"15":[0,0]}}
,"/Users/aweimeow/Tools/lumos-highlighter/content/modules/eventHandler.js": {"path":"/Users/aweimeow/Tools/lumos-highlighter/content/modules/eventHandler.js","statementMap":{"0":{"start":{"line":4,"column":20},"end":{"line":4,"column":25}},"1":{"start":{"line":5,"column":26},"end":{"line":5,"column":31}},"2":{"start":{"line":9,"column":4},"end":{"line":9,"column":30}},"3":{"start":{"line":9,"column":23},"end":{"line":9,"column":30}},"4":{"start":{"line":11,"column":4},"end":{"line":29,"column":5}},"5":{"start":{"line":13,"column":8},"end":{"line":13,"column":66}},"6":{"start":{"line":16,"column":8},"end":{"line":16,"column":65}},"7":{"start":{"line":19,"column":8},"end":{"line":19,"column":64}},"8":{"start":{"line":22,"column":8},"end":{"line":22,"column":73}},"9":{"start":{"line":24,"column":8},"end":{"line":24,"column":29}},"10":{"start":{"line":25,"column":8},"end":{"line":25,"column":50}},"11":{"start":{"line":28,"column":8},"end":{"line":28,"column":67}},"12":{"start":{"line":34,"column":4},"end":{"line":51,"column":5}},"13":{"start":{"line":35,"column":8},"end":{"line":37,"column":9}},"14":{"start":{"line":36,"column":12},"end":{"line":36,"column":19}},"15":{"start":{"line":40,"column":8},"end":{"line":48,"column":15}},"16":{"start":{"line":41,"column":30},"end":{"line":41,"column":79}},"17":{"start":{"line":42,"column":12},"end":{"line":47,"column":13}},"18":{"start":{"line":44,"column":16},"end":{"line":46,"column":17}},"19":{"start":{"line":45,"column":20},"end":{"line":45,"column":79}},"20":{"start":{"line":50,"column":8},"end":{"line":50,"column":63}},"21":{"start":{"line":56,"column":4},"end":{"line":68,"column":5}},"22":{"start":{"line":57,"column":33},"end":{"line":57,"column":73}},"23":{"start":{"line":58,"column":8},"end":{"line":65,"column":9}},"24":{"start":{"line":59,"column":12},"end":{"line":59,"column":36}},"25":{"start":{"line":62,"column":12},"end":{"line":64,"column":13}},"26":{"start":{"line":63,"column":16},"end":{"line":63,"column":88}},"27":{"start":{"line":67,"column":8},"end":{"line":67,"column":64}},"28":{"start":{"line":73,"column":4},"end":{"line":83,"column":5}},"29":{"start":{"line":75,"column":8},"end":{"line":80,"column":9}},"30":{"start":{"line":77,"column":12},"end":{"line":79,"column":13}},"31":{"start":{"line":78,"column":16},"end":{"line":78,"column":66}},"32":{"start":{"line":82,"column":8},"end":{"line":82,"column":63}},"33":{"start":{"line":88,"column":4},"end":{"line":99,"column":5}},"34":{"start":{"line":90,"column":26},"end":{"line":90,"column":75}},"35":{"start":{"line":91,"column":8},"end":{"line":96,"column":9}},"36":{"start":{"line":93,"column":12},"end":{"line":95,"column":13}},"37":{"start":{"line":94,"column":16},"end":{"line":94,"column":81}},"38":{"start":{"line":98,"column":8},"end":{"line":98,"column":61}},"39":{"start":{"line":104,"column":4},"end":{"line":126,"column":5}},"40":{"start":{"line":106,"column":25},"end":{"line":106,"column":45}},"41":{"start":{"line":108,"column":31},"end":{"line":119,"column":9}},"42":{"start":{"line":109,"column":12},"end":{"line":118,"column":13}},"43":{"start":{"line":110,"column":16},"end":{"line":110,"column":50}},"44":{"start":{"line":113,"column":16},"end":{"line":117,"column":25}},"45":{"start":{"line":114,"column":20},"end":{"line":116,"column":21}},"46":{"start":{"line":115,"column":24},"end":{"line":115,"column":71}},"47":{"start":{"line":122,"column":8},"end":{"line":122,"column":42}},"48":{"start":{"line":125,"column":8},"end":{"line":125,"column":75}},"49":{"start":{"line":133,"column":4},"end":{"line":133,"column":31}},"50":{"start":{"line":138,"column":4},"end":{"line":138,"column":31}},"51":{"start":{"line":142,"column":0},"end":{"line":151,"column":2}}},"fnMap":{"0":{"name":"init","decl":{"start":{"line":8,"column":9},"end":{"line":8,"column":13}},"loc":{"start":{"line":8,"column":16},"end":{"line":30,"column":1}},"line":8},"1":{"name":"handleTextSelection","decl":{"start":{"line":33,"column":9},"end":{"line":33,"column":28}},"loc":{"start":{"line":33,"column":36},"end":{"line":52,"column":1}},"line":33},"2":{"name":"(anonymous_2)","decl":{"start":{"line":40,"column":19},"end":{"line":40,"column":20}},"loc":{"start":{"line":40,"column":25},"end":{"line":48,"column":9}},"line":40},"3":{"name":"handleHighlightClick","decl":{"start":{"line":55,"column":9},"end":{"line":55,"column":29}},"loc":{"start":{"line":55,"column":37},"end":{"line":69,"column":1}},"line":55},"4":{"name":"handleDocumentClick","decl":{"start":{"line":72,"column":9},"end":{"line":72,"column":28}},"loc":{"start":{"line":72,"column":36},"end":{"line":84,"column":1}},"line":72},"5":{"name":"handleDoubleClick","decl":{"start":{"line":87,"column":9},"end":{"line":87,"column":26}},"loc":{"start":{"line":87,"column":34},"end":{"line":100,"column":1}},"line":87},"6":{"name":"setupSPANavigationDetection","decl":{"start":{"line":103,"column":9},"end":{"line":103,"column":36}},"loc":{"start":{"line":103,"column":39},"end":{"line":127,"column":1}},"line":103},"7":{"name":"(anonymous_7)","decl":{"start":{"line":108,"column":31},"end":{"line":108,"column":32}},"loc":{"start":{"line":108,"column":37},"end":{"line":119,"column":9}},"line":108},"8":{"name":"(anonymous_8)","decl":{"start":{"line":113,"column":27},"end":{"line":113,"column":28}},"loc":{"start":{"line":113,"column":33},"end":{"line":117,"column":17}},"line":113},"9":{"name":"getDoubleClickDragMode","decl":{"start":{"line":132,"column":9},"end":{"line":132,"column":31}},"loc":{"start":{"line":132,"column":34},"end":{"line":134,"column":1}},"line":132},"10":{"name":"setDoubleClickDragMode","decl":{"start":{"line":137,"column":9},"end":{"line":137,"column":31}},"loc":{"start":{"line":137,"column":38},"end":{"line":139,"column":1}},"line":137}},"branchMap":{"0":{"loc":{"start":{"line":9,"column":4},"end":{"line":9,"column":30}},"type":"if","locations":[{"start":{"line":9,"column":4},"end":{"line":9,"column":30}},{"start":{},"end":{}}],"line":9},"1":{"loc":{"start":{"line":22,"column":24},"end":{"line":22,"column":72}},"type":"binary-expr","locations":[{"start":{"line":22,"column":24},"end":{"line":22,"column":66}},{"start":{"line":22,"column":70},"end":{"line":22,"column":72}}],"line":22},"2":{"loc":{"start":{"line":35,"column":8},"end":{"line":37,"column":9}},"type":"if","locations":[{"start":{"line":35,"column":8},"end":{"line":37,"column":9}},{"start":{},"end":{}}],"line":35},"3":{"loc":{"start":{"line":42,"column":12},"end":{"line":47,"column":13}},"type":"if","locations":[{"start":{"line":42,"column":12},"end":{"line":47,"column":13}},{"start":{},"end":{}}],"line":42},"4":{"loc":{"start":{"line":42,"column":16},"end":{"line":42,"column":54}},"type":"binary-expr","locations":[{"start":{"line":42,"column":16},"end":{"line":42,"column":25}},{"start":{"line":42,"column":29},"end":{"line":42,"column":54}}],"line":42},"5":{"loc":{"start":{"line":44,"column":16},"end":{"line":46,"column":17}},"type":"if","locations":[{"start":{"line":44,"column":16},"end":{"line":46,"column":17}},{"start":{},"end":{}}],"line":44},"6":{"loc":{"start":{"line":58,"column":8},"end":{"line":65,"column":9}},"type":"if","locations":[{"start":{"line":58,"column":8},"end":{"line":65,"column":9}},{"start":{},"end":{}}],"line":58},"7":{"loc":{"start":{"line":62,"column":12},"end":{"line":64,"column":13}},"type":"if","locations":[{"start":{"line":62,"column":12},"end":{"line":64,"column":13}},{"start":{},"end":{}}],"line":62},"8":{"loc":{"start":{"line":75,"column":8},"end":{"line":80,"column":9}},"type":"if","locations":[{"start":{"line":75,"column":8},"end":{"line":80,"column":9}},{"start":{},"end":{}}],"line":75},"9":{"loc":{"start":{"line":75,"column":12},"end":{"line":76,"column":53}},"type":"binary-expr","locations":[{"start":{"line":75,"column":12},"end":{"line":75,"column":61}},{"start":{"line":76,"column":12},"end":{"line":76,"column":53}}],"line":75},"10":{"loc":{"start":{"line":77,"column":12},"end":{"line":79,"column":13}},"type":"if","locations":[{"start":{"line":77,"column":12},"end":{"line":79,"column":13}},{"start":{},"end":{}}],"line":77},"11":{"loc":{"start":{"line":91,"column":8},"end":{"line":96,"column":9}},"type":"if","locations":[{"start":{"line":91,"column":8},"end":{"line":96,"column":9}},{"start":{},"end":{}}],"line":91},"12":{"loc":{"start":{"line":91,"column":12},"end":{"line":91,"column":50}},"type":"binary-expr","locations":[{"start":{"line":91,"column":12},"end":{"line":91,"column":21}},{"start":{"line":91,"column":25},"end":{"line":91,"column":50}}],"line":91},"13":{"loc":{"start":{"line":93,"column":12},"end":{"line":95,"column":13}},"type":"if","locations":[{"start":{"line":93,"column":12},"end":{"line":95,"column":13}},{"start":{},"end":{}}],"line":93},"14":{"loc":{"start":{"line":109,"column":12},"end":{"line":118,"column":13}},"type":"if","locations":[{"start":{"line":109,"column":12},"end":{"line":118,"column":13}},{"start":{},"end":{}}],"line":109},"15":{"loc":{"start":{"line":114,"column":20},"end":{"line":116,"column":21}},"type":"if","locations":[{"start":{"line":114,"column":20},"end":{"line":116,"column":21}},{"start":{},"end":{}}],"line":114}},"s":{"0":0,"1":0,"2":0,"3":0,"4":0,"5":0,"6":0,"7":0,"8":0,"9":0,"10":0,"11":0,"12":0,"13":0,"14":0,"15":0,"16":0,"17":0,"18":0,"19":0,"20":0,"21":0,"22":0,"23":0,"24":0,"25":0,"26":0,"27":0,"28":0,"29":0,"30":0,"31":0,"32":0,"33":0,"34":0,"35":0,"36":0,"37":0,"38":0,"39":0,"40":0,"41":0,"42":0,"43":0,"44":0,"45":0,"46":0,"47":0,"48":0,"49":0,"50":0,"51":0},"f":{"0":0,"1":0,"2":0,"3":0,"4":0,"5":0,"6":0,"7":0,"8":0,"9":0,"10":0},"b":{"0":[0,0],"1":[0,0],"2":[0,0],"3":[0,0],"4":[0,0],"5":[0,0],"6":[0,0],"7":[0,0],"8":[0,0],"9":[0,0],"10":[0,0],"11":[0,0],"12":[0,0],"13":[0,0],"14":[0,0],"15":[0,0]}}
,"/Users/aweimeow/Tools/lumos-highlighter/content/modules/highlightManager.js": {"path":"/Users/aweimeow/Tools/lumos-highlighter/content/modules/highlightManager.js","statementMap":{"0":{"start":{"line":8,"column":4},"end":{"line":8,"column":47}},"1":{"start":{"line":8,"column":40},"end":{"line":8,"column":47}},"2":{"start":{"line":10,"column":18},"end":{"line":10,"column":33}},"3":{"start":{"line":11,"column":17},"end":{"line":11,"column":31}},"4":{"start":{"line":14,"column":26},"end":{"line":24,"column":5}},"5":{"start":{"line":26,"column":4},"end":{"line":31,"column":7}},"6":{"start":{"line":34,"column":29},"end":{"line":34,"column":59}},"7":{"start":{"line":35,"column":4},"end":{"line":35,"column":76}},"8":{"start":{"line":36,"column":4},"end":{"line":36,"column":73}},"9":{"start":{"line":37,"column":4},"end":{"line":37,"column":65}},"10":{"start":{"line":40,"column":4},"end":{"line":40,"column":70}},"11":{"start":{"line":42,"column":4},"end":{"line":89,"column":5}},"12":{"start":{"line":44,"column":8},"end":{"line":47,"column":9}},"13":{"start":{"line":45,"column":12},"end":{"line":45,"column":61}},"14":{"start":{"line":46,"column":12},"end":{"line":46,"column":19}},"15":{"start":{"line":50,"column":29},"end":{"line":50,"column":52}},"16":{"start":{"line":51,"column":8},"end":{"line":54,"column":9}},"17":{"start":{"line":52,"column":12},"end":{"line":52,"column":61}},"18":{"start":{"line":53,"column":12},"end":{"line":53,"column":19}},"19":{"start":{"line":56,"column":8},"end":{"line":62,"column":11}},"20":{"start":{"line":65,"column":8},"end":{"line":68,"column":9}},"21":{"start":{"line":66,"column":12},"end":{"line":66,"column":60}},"22":{"start":{"line":67,"column":12},"end":{"line":67,"column":19}},"23":{"start":{"line":70,"column":8},"end":{"line":70,"column":54}},"24":{"start":{"line":73,"column":8},"end":{"line":73,"column":48}},"25":{"start":{"line":76,"column":8},"end":{"line":80,"column":9}},"26":{"start":{"line":77,"column":12},"end":{"line":77,"column":68}},"27":{"start":{"line":79,"column":12},"end":{"line":79,"column":101}},"28":{"start":{"line":83,"column":8},"end":{"line":83,"column":58}},"29":{"start":{"line":85,"column":8},"end":{"line":87,"column":9}},"30":{"start":{"line":86,"column":12},"end":{"line":86,"column":70}},"31":{"start":{"line":88,"column":8},"end":{"line":88,"column":15}},"32":{"start":{"line":94,"column":24},"end":{"line":94,"column":74}},"33":{"start":{"line":95,"column":21},"end":{"line":95,"column":74}},"34":{"start":{"line":97,"column":4},"end":{"line":99,"column":5}},"35":{"start":{"line":98,"column":8},"end":{"line":98,"column":15}},"36":{"start":{"line":102,"column":21},"end":{"line":102,"column":86}},"37":{"start":{"line":105,"column":4},"end":{"line":111,"column":7}},"38":{"start":{"line":106,"column":8},"end":{"line":106,"column":71}},"39":{"start":{"line":107,"column":8},"end":{"line":107,"column":60}},"40":{"start":{"line":110,"column":8},"end":{"line":110,"column":62}},"41":{"start":{"line":114,"column":4},"end":{"line":130,"column":10}},"42":{"start":{"line":115,"column":8},"end":{"line":129,"column":9}},"43":{"start":{"line":116,"column":27},"end":{"line":116,"column":65}},"44":{"start":{"line":117,"column":12},"end":{"line":126,"column":15}},"45":{"start":{"line":123,"column":16},"end":{"line":125,"column":17}},"46":{"start":{"line":124,"column":20},"end":{"line":124,"column":132}},"47":{"start":{"line":128,"column":12},"end":{"line":128,"column":97}},"48":{"start":{"line":135,"column":24},"end":{"line":135,"column":74}},"49":{"start":{"line":138,"column":21},"end":{"line":138,"column":86}},"50":{"start":{"line":141,"column":4},"end":{"line":152,"column":7}},"51":{"start":{"line":142,"column":23},"end":{"line":142,"column":38}},"52":{"start":{"line":143,"column":8},"end":{"line":151,"column":9}},"53":{"start":{"line":144,"column":12},"end":{"line":146,"column":13}},"54":{"start":{"line":145,"column":16},"end":{"line":145,"column":59}},"55":{"start":{"line":147,"column":12},"end":{"line":147,"column":37}},"56":{"start":{"line":150,"column":12},"end":{"line":150,"column":31}},"57":{"start":{"line":155,"column":4},"end":{"line":155,"column":60}},"58":{"start":{"line":160,"column":4},"end":{"line":167,"column":7}},"59":{"start":{"line":170,"column":4},"end":{"line":173,"column":5}},"60":{"start":{"line":171,"column":8},"end":{"line":171,"column":60}},"61":{"start":{"line":172,"column":8},"end":{"line":172,"column":20}},"62":{"start":{"line":176,"column":20},"end":{"line":176,"column":64}},"63":{"start":{"line":178,"column":4},"end":{"line":184,"column":5}},"64":{"start":{"line":179,"column":8},"end":{"line":179,"column":103}},"65":{"start":{"line":180,"column":8},"end":{"line":180,"column":20}},"66":{"start":{"line":182,"column":8},"end":{"line":182,"column":99}},"67":{"start":{"line":183,"column":8},"end":{"line":183,"column":21}},"68":{"start":{"line":189,"column":52},"end":{"line":189,"column":65}},"69":{"start":{"line":191,"column":4},"end":{"line":261,"column":5}},"70":{"start":{"line":193,"column":23},"end":{"line":215,"column":9}},"71":{"start":{"line":199,"column":20},"end":{"line":201,"column":21}},"72":{"start":{"line":200,"column":24},"end":{"line":200,"column":56}},"73":{"start":{"line":204,"column":20},"end":{"line":209,"column":21}},"74":{"start":{"line":205,"column":38},"end":{"line":205,"column":81}},"75":{"start":{"line":206,"column":24},"end":{"line":208,"column":25}},"76":{"start":{"line":207,"column":28},"end":{"line":207,"column":60}},"77":{"start":{"line":211,"column":20},"end":{"line":211,"column":52}},"78":{"start":{"line":217,"column":27},"end":{"line":217,"column":29}},"79":{"start":{"line":221,"column":8},"end":{"line":226,"column":9}},"80":{"start":{"line":222,"column":29},"end":{"line":222,"column":45}},"81":{"start":{"line":225,"column":12},"end":{"line":225,"column":94}},"82":{"start":{"line":228,"column":8},"end":{"line":231,"column":9}},"83":{"start":{"line":229,"column":12},"end":{"line":229,"column":77}},"84":{"start":{"line":230,"column":12},"end":{"line":230,"column":25}},"85":{"start":{"line":234,"column":8},"end":{"line":238,"column":9}},"86":{"start":{"line":235,"column":30},"end":{"line":235,"column":50}},"87":{"start":{"line":236,"column":33},"end":{"line":236,"column":99}},"88":{"start":{"line":237,"column":12},"end":{"line":237,"column":55}},"89":{"start":{"line":241,"column":8},"end":{"line":241,"column":53}},"90":{"start":{"line":241,"column":34},"end":{"line":241,"column":51}},"91":{"start":{"line":243,"column":8},"end":{"line":243,"column":97}},"92":{"start":{"line":244,"column":8},"end":{"line":246,"column":11}},"93":{"start":{"line":245,"column":12},"end":{"line":245,"column":98}},"94":{"start":{"line":249,"column":30},"end":{"line":249,"column":43}},"95":{"start":{"line":252,"column":8},"end":{"line":254,"column":9}},"96":{"start":{"line":253,"column":12},"end":{"line":253,"column":103}},"97":{"start":{"line":256,"column":8},"end":{"line":256,"column":21}},"98":{"start":{"line":259,"column":8},"end":{"line":259,"column":65}},"99":{"start":{"line":260,"column":8},"end":{"line":260,"column":21}},"100":{"start":{"line":266,"column":4},"end":{"line":350,"column":5}},"101":{"start":{"line":267,"column":25},"end":{"line":267,"column":45}},"102":{"start":{"line":270,"column":27},"end":{"line":270,"column":38}},"103":{"start":{"line":271,"column":24},"end":{"line":271,"column":81}},"104":{"start":{"line":274,"column":33},"end":{"line":274,"column":87}},"105":{"start":{"line":275,"column":24},"end":{"line":275,"column":28}},"106":{"start":{"line":276,"column":24},"end":{"line":276,"column":25}},"107":{"start":{"line":279,"column":8},"end":{"line":296,"column":9}},"108":{"start":{"line":279,"column":32},"end":{"line":279,"column":34}},"109":{"start":{"line":280,"column":31},"end":{"line":280,"column":57}},"110":{"start":{"line":281,"column":12},"end":{"line":281,"column":86}},"111":{"start":{"line":281,"column":77},"end":{"line":281,"column":86}},"112":{"start":{"line":283,"column":29},"end":{"line":283,"column":84}},"113":{"start":{"line":284,"column":35},"end":{"line":284,"column":93}},"114":{"start":{"line":286,"column":31},"end":{"line":286,"column":112}},"115":{"start":{"line":288,"column":12},"end":{"line":295,"column":13}},"116":{"start":{"line":289,"column":16},"end":{"line":289,"column":39}},"117":{"start":{"line":290,"column":16},"end":{"line":294,"column":18}},"118":{"start":{"line":299,"column":8},"end":{"line":323,"column":9}},"119":{"start":{"line":300,"column":12},"end":{"line":300,"column":44}},"120":{"start":{"line":301,"column":12},"end":{"line":301,"column":39}},"121":{"start":{"line":302,"column":12},"end":{"line":306,"column":15}},"122":{"start":{"line":309,"column":12},"end":{"line":309,"column":82}},"123":{"start":{"line":312,"column":36},"end":{"line":312,"column":95}},"124":{"start":{"line":313,"column":31},"end":{"line":313,"column":113}},"125":{"start":{"line":315,"column":12},"end":{"line":322,"column":13}},"126":{"start":{"line":316,"column":16},"end":{"line":320,"column":19}},"127":{"start":{"line":321,"column":16},"end":{"line":321,"column":29}},"128":{"start":{"line":325,"column":22},"end":{"line":325,"column":44}},"129":{"start":{"line":326,"column":8},"end":{"line":326,"column":45}},"130":{"start":{"line":327,"column":8},"end":{"line":327,"column":58}},"131":{"start":{"line":329,"column":8},"end":{"line":332,"column":9}},"132":{"start":{"line":330,"column":12},"end":{"line":330,"column":65}},"133":{"start":{"line":331,"column":12},"end":{"line":331,"column":25}},"134":{"start":{"line":334,"column":33},"end":{"line":334,"column":63}},"135":{"start":{"line":335,"column":8},"end":{"line":335,"column":94}},"136":{"start":{"line":336,"column":8},"end":{"line":336,"column":77}},"137":{"start":{"line":337,"column":8},"end":{"line":337,"column":83}},"138":{"start":{"line":340,"column":8},"end":{"line":340,"column":74}},"139":{"start":{"line":342,"column":8},"end":{"line":342,"column":49}},"140":{"start":{"line":344,"column":8},"end":{"line":344,"column":102}},"141":{"start":{"line":345,"column":8},"end":{"line":345,"column":20}},"142":{"start":{"line":348,"column":8},"end":{"line":348,"column":65}},"143":{"start":{"line":349,"column":8},"end":{"line":349,"column":21}},"144":{"start":{"line":356,"column":4},"end":{"line":370,"column":5}},"145":{"start":{"line":358,"column":8},"end":{"line":362,"column":9}},"146":{"start":{"line":360,"column":12},"end":{"line":360,"column":53}},"147":{"start":{"line":361,"column":12},"end":{"line":361,"column":24}},"148":{"start":{"line":365,"column":8},"end":{"line":365,"column":62}},"149":{"start":{"line":368,"column":8},"end":{"line":368,"column":53}},"150":{"start":{"line":369,"column":8},"end":{"line":369,"column":21}},"151":{"start":{"line":375,"column":4},"end":{"line":448,"column":5}},"152":{"start":{"line":377,"column":26},"end":{"line":377,"column":73}},"153":{"start":{"line":379,"column":8},"end":{"line":382,"column":9}},"154":{"start":{"line":380,"column":12},"end":{"line":380,"column":57}},"155":{"start":{"line":381,"column":12},"end":{"line":381,"column":25}},"156":{"start":{"line":385,"column":8
[...]
":42}},"23":{"start":{"line":119,"column":12},"end":{"line":122,"column":13}},"24":{"start":{"line":120,"column":16},"end":{"line":120,"column":39}},"25":{"start":{"line":121,"column":16},"end":{"line":121,"column":43}},"26":{"start":{"line":132,"column":8},"end":{"line":132,"column":63}},"27":{"start":{"line":132,"column":38},"end":{"line":132,"column":61}},"28":{"start":{"line":145,"column":20},"end":{"line":145,"column":32}},"29":{"start":{"line":147,"column":8},"end":{"line":157,"column":9}},"30":{"start":{"line":147,"column":21},"end":{"line":147,"column":22}},"31":{"start":{"line":148,"column":12},"end":{"line":156,"column":13}},"32":{"start":{"line":149,"column":16},"end":{"line":149,"column":36}},"33":{"start":{"line":151,"column":16},"end":{"line":151,"column":34}},"34":{"start":{"line":152,"column":16},"end":{"line":152,"column":44}},"35":{"start":{"line":152,"column":38},"end":{"line":152,"column":44}},"36":{"start":{"line":154,"column":16},"end":{"line":154,"column":39}},"37":{"start":{"line":155,"column":16},"end":{"line":155,"column":43}},"38":{"start":{"line":159,"column":8},"end":{"line":159,"column":24}},"39":{"start":{"line":168,"column":8},"end":{"line":173,"column":9}},"40":{"start":{"line":169,"column":12},"end":{"line":169,"column":28}},"41":{"start":{"line":170,"column":12},"end":{"line":170,"column":24}},"42":{"start":{"line":172,"column":12},"end":{"line":172,"column":25}},"43":{"start":{"line":182,"column":8},"end":{"line":182,"column":64}},"44":{"start":{"line":182,"column":53},"end":{"line":182,"column":64}},"45":{"start":{"line":183,"column":8},"end":{"line":183,"column":64}},"46":{"start":{"line":183,"column":33},"end":{"line":183,"column":64}},"47":{"start":{"line":184,"column":8},"end":{"line":184,"column":79}},"48":{"start":{"line":184,"column":34},"end":{"line":184,"column":79}},"49":{"start":{"line":184,"column":57},"end":{"line":184,"column":77}},"50":{"start":{"line":185,"column":8},"end":{"line":193,"column":9}},"51":{"start":{"line":186,"column":27},"end":{"line":186,"column":29}},"52":{"start":{"line":187,"column":12},"end":{"line":191,"column":13}},"53":{"start":{"line":188,"column":16},"end":{"line":190,"column":17}},"54":{"start":{"line":189,"column":20},"end":{"line":189,"column":59}},"55":{"start":{"line":192,"column":12},"end":{"line":192,"column":26}},"56":{"start":{"line":194,"column":8},"end":{"line":194,"column":19}},"57":{"start":{"line":204,"column":23},"end":{"line":204,"column":25}},"58":{"start":{"line":205,"column":21},"end":{"line":205,"column":32}},"59":{"start":{"line":206,"column":21},"end":{"line":206,"column":32}},"60":{"start":{"line":208,"column":8},"end":{"line":210,"column":9}},"61":{"start":{"line":208,"column":21},"end":{"line":208,"column":22}},"62":{"start":{"line":209,"column":12},"end":{"line":209,"column":28}},"63":{"start":{"line":212,"column":8},"end":{"line":214,"column":9}},"64":{"start":{"line":212,"column":21},"end":{"line":212,"column":22}},"65":{"start":{"line":213,"column":12},"end":{"line":213,"column":29}},"66":{"start":{"line":216,"column":8},"end":{"line":228,"column":9}},"67":{"start":{"line":216,"column":21},"end":{"line":216,"column":22}},"68":{"start":{"line":217,"column":12},"end":{"line":227,"column":13}},"69":{"start":{"line":217,"column":25},"end":{"line":217,"column":26}},"70":{"start":{"line":218,"column":16},"end":{"line":226,"column":17}},"71":{"start":{"line":219,"column":20},"end":{"line":219,"column":56}},"72":{"start":{"line":221,"column":20},"end":{"line":225,"column":22}},"73":{"start":{"line":230,"column":23},"end":{"line":230,"column":43}},"74":{"start":{"line":231,"column":8},"end":{"line":231,"column":73}},"75":{"start":{"line":240,"column":21},"end":{"line":240,"column":52}},"76":{"start":{"line":241,"column":8},"end":{"line":243,"column":47}},"77":{"start":{"line":252,"column":21},"end":{"line":252,"column":52}},"78":{"start":{"line":253,"column":8},"end":{"line":256,"column":10}},"79":{"start":{"line":264,"column":8},"end":{"line":270,"column":11}},"80":{"start":{"line":265,"column":12},"end":{"line":269,"column":13}},"81":{"start":{"line":266,"column":16},"end":{"line":266,"column":71}},"82":{"start":{"line":268,"column":16},"end":{"line":268,"column":26}},"83":{"start":{"line":275,"column":19},"end":{"line":275,"column":43}},"84":{"start":{"line":275,"column":25},"end":{"line":275,"column":43}},"85":{"start":{"line":276,"column":28},"end":{"line":276,"column":61}},"86":{"start":{"line":276,"column":34},"end":{"line":276,"column":61}},"87":{"start":{"line":277,"column":19},"end":{"line":277,"column":61}},"88":{"start":{"line":277,"column":34},"end":{"line":277,"column":61}},"89":{"start":{"line":278,"column":22},"end":{"line":278,"column":55}},"90":{"start":{"line":278,"column":31},"end":{"line":278,"column":55}},"91":{"start":{"line":279,"column":21},"end":{"line":279,"column":63}},"92":{"start":{"line":279,"column":35},"end":{"line":279,"column":63}},"93":{"start":{"line":280,"column":18},"end":{"line":280,"column":49}},"94":{"start":{"line":280,"column":28},"end":{"line":280,"column":49}},"95":{"start":{"line":281,"column":19},"end":{"line":281,"column":51}},"96":{"start":{"line":281,"column":29},"end":{"line":281,"column":51}},"97":{"start":{"line":282,"column":21},"end":{"line":282,"column":87}},"98":{"start":{"line":282,"column":47},"end":{"line":282,"column":87}},"99":{"start":{"line":283,"column":17},"end":{"line":283,"column":61}},"100":{"start":{"line":283,"column":34},"end":{"line":283,"column":61}},"101":{"start":{"line":284,"column":17},"end":{"line":284,"column":61}},"102":{"start":{"line":284,"column":34},"end":{"line":284,"column":61}},"103":{"start":{"line":285,"column":13},"end":{"line":285,"column":35}},"104":{"start":{"line":285,"column":21},"end":{"line":285,"column":35}},"105":{"start":{"line":286,"column":14},"end":{"line":287,"column":66}},"106":{"start":{"line":287,"column":4},"end":{"line":287,"column":66}},"107":{"start":{"line":288,"column":19},"end":{"line":288,"column":55}},"108":{"start":{"line":288,"column":31},"end":{"line":288,"column":55}},"109":{"start":{"line":289,"column":18},"end":{"line":289,"column":47}},"110":{"start":{"line":289,"column":27},"end":{"line":289,"column":47}},"111":{"start":{"line":290,"column":28},"end":{"line":290,"column":81}},"112":{"start":{"line":290,"column":44},"end":{"line":290,"column":81}},"113":{"start":{"line":291,"column":25},"end":{"line":291,"column":69}},"114":{"start":{"line":291,"column":38},"end":{"line":291,"column":69}},"115":{"start":{"line":292,"column":27},"end":{"line":292,"column":73}},"116":{"start":{"line":292,"column":40},"end":{"line":292,"column":73}},"117":{"start":{"line":293,"column":24},"end":{"line":293,"column":53}},"118":{"start":{"line":293,"column":30},"end":{"line":293,"column":53}},"119":{"start":{"line":296,"column":0},"end":{"line":316,"column":2}}},"fnMap":{"0":{"name":"(anonymous_0)","decl":{"start":{"line":12,"column":4},"end":{"line":12,"column":5}},"loc":{"start":{"line":12,"column":24},"end":{"line":14,"column":5}},"line":12},"1":{"name":"(anonymous_1)","decl":{"start":{"line":20,"column":4},"end":{"line":20,"column":5}},"loc":{"start":{"line":20,"column":33},"end":{"line":22,"column":5}},"line":20},"2":{"name":"(anonymous_2)","decl":{"start":{"line":29,"column":4},"end":{"line":29,"column":5}},"loc":{"start":{"line":29,"column":33},"end":{"line":38,"column":5}},"line":29},"3":{"name":"(anonymous_3)","decl":{"start":{"line":45,"column":4},"end":{"line":45,"column":5}},"loc":{"start":{"line":45,"column":30},"end":{"line":51,"column":5}},"line":45},"4":{"name":"(anonymous_4)","decl":{"start":{"line":58,"column":4},"end":{"line":58,"column":5}},"loc":{"start":{"line":58,"column":34},"end":{"line":61,"column":5}},"line":58},"5":{"name":"(anonymous_5)","decl":{"start":{"line":68,"column":4},"end":{"line":68,"column":5}},"loc":{"start":{"line":68,"column":27},"end":{"line":70,"column":5}},"line":68},"6":{"name":"(anonymous_6)","decl":{"start":{"line":77,"column":4},"end":{"line":77,"column":5}},"loc":{"start":{"line":77,"column":28},"end":{"line":81,"column":5}},"line":77},"7":{"name":"(anonymous_7)","decl":{"start":{"line":90,"column":4},"end":{"line":90,"column":5}},"loc":{"start":{"line":90,"column":54},"end":{"line":93,"column":5}},"line":90},"8":{"name":"(anonymous_8)","decl":{"start":{"line":101,"column":4},"end":{"line":101,"column":5}},"loc":{"start":{"line":101,"column":33},"end":{"line":107,"column":5}},"line":101},"9":{"name":"(anonymous_9)","decl":{"start":{"line":103,"column":15},"end":{"line":103,"column":16}},"loc":{"start":{"line":103,"column":33},"end":{"line":106,"column":9}},"line":103},"10":{"name":"(anonymous_10)","decl":{"start":{"line":105,"column":35},"end":{"line":105,"column":36}},"loc":{"start":{"line":105,"column":41},"end":{"line":105,"column":63}},"line":105},"11":{"name":"(anonymous_11)","decl":{"start":{"line":115,"column":4},"end":{"line":115,"column":5}},"loc":{"start":{"line":115,"column":33},"end":{"line":124,"column":5}},"line":115},"12":{"name":"(anonymous_12)","decl":{"start":{"line":117,"column":15},"end":{"line":117,"column":16}},"loc":{"start":{"line":117,"column":33},"end":{"line":123,"column":9}},"line":117},"13":{"name":"(anonymous_13)","decl":{"start":{"line":131,"column":4},"end":{"line":131,"column":5}},"loc":{"start":{"line":131,"column":26},"end":{"line":133,"column":5}},"line":131},"14":{"name":"(anonymous_14)","decl":{"start":{"line":132,"column":27},"end":{"line":132,"column":28}},"loc":{"start":{"line":132,"column":38},"end":{"line":132,"column":61}},"line":132},"15":{"name":"(anonymous_15)","decl":{"start":{"line":143,"column":4},"end":{"line":143,"column":5}},"loc":{"start":{"line":143,"column":89},"end":{"line":160,"column":5}},"line":143},"16":{"name":"(anonymous_16)","decl":{"start":{"line":167,"column":4},"end":{"line":167,"column":5}},"loc":{"start":{"line":167,"column":30},"end":{"line":174,"column":5}},"line":167},"17":{"name":"(anonymous_17)","decl":{"start":{"line":181,"column":4},"end":{"line":181,"column":5}},"loc":{"start":{"line":181,"column":26},"end":{"line":195,"column":5}},"line":181},"18":{"name":"(anonymous_18)","decl":{"start":{"line":184,"column":49},"end":{"line":184,"column":50}},"loc":{"start":{"line":184,"column":57},"end":{"line":184,"column":77}},"line":184},"19":{"name":"(anonymous_19)","decl":{"start":{"line":203,"column":4},"end":{"line":203,"column":5}},"loc":{"start":{"line":203,"column":43},"end":{"line":232,"column":5}},"line":203},"20":{"name":"(anonymous_20)","decl":{"start":{"line":239,"column":4},"end":{"line":239,"column":5}},"loc":{"start":{"line":239,"column":37},"end":{"line":244,"column":5}},"line":239},"21":{"name":"(anonymous_21)","decl":{"start":{"line":251,"column":4},"end":{"line":251,"column":5}},"loc":{"start":{"line":251,"column":39},"end":{"line":257,"column":5}},"line":251},"22":{"name":"(anonymous_22)","decl":{"start":{"line":263,"column":4},"end":{"line":263,"column":5}},"loc":{"start":{"line":263,"column":35},"end":{"line":271,"column":5}},"line":263},"23":{"name":"(anonymous_23)","decl":{"start":{"line":264,"column":27},"end":{"line":264,"column":28}},"loc":{"start":{"line":264,"column":38},"end":{"line":270,"column":9}},"line":264},"24":{"name":"(anonymous_24)","decl":{"start":{"line":275,"column":19},"end":{"line":275,"column":20}},"loc":{"start":{"line":275,"column":25},"end":{"line":275,"column":43}},"line":275},"25":{"name":"(anonymous_25)","decl":{"start":{"line":276,"column":28},"end":{"line":276,"column":29}},"loc":{"start":{"line":276,"column":34},"end":{"line":276,"column":61}},"line":276},"26":{"name":"(anonymous_26)","decl":{"start":{"line":277,"column":19},"end":{"line":277,"column":20}},"loc":{"start":{"line":277,"column":34},"end":{"line":277,"column":61}},"line":277},"27":{"name":"(anonymous_27)","decl":{"start":{"line":278,"column":22},"end":{"line":278,"column":23}},"loc":{"start":{"line":278,"column":31},"end":{"line":278,"column":55}},"line":278},"28":{"name":"(anonymous_28)","decl":{"start":{"line":279,"column":21},"end":{"line":279,"column":22}},"loc":{"start":{"line":279,"column":35},"end":{"line":279,"column":63}},"line":279},"29":{"name":"(anonymous_29)","decl":{"start":{"line":280,"column":18},"end":{"line":280,"column":19}},"loc":{"start":{"line":280,"column":28},"end":{"line":280,"column":49}},"line":280},"30":{"name":"(anonymous_30)","decl":{"start":{"line":281,"column":19},"end":{"line":281,"column":20}},"loc":{"start":{"line":281,"column":29},"end":{"line":281,"column":51}},"line":281},"31":{"name":"(anonymous_31)","decl":{"start":{"line":282,"column":21},"end":{"line":282,"column":22}},"loc":{"start":{"line":282,"column":47},"end":{"line":282,"column":87}},"line":282},"32":{"name":"(anonymous_32)","decl":{"start":{"line":283,"column":17},"end":{"line":283,"column":18}},"loc":{"start":{"line":283,"column":34},"end":{"line":283,"column":61}},"line":283},"33":{"name":"(anonymous_33)","decl":{"start":{"line":284,"column":17},"end":{"line":284,"column":18}},"loc":{"start":{"line":284,"column":34},"end":{"line":284,"column":61}},"line":284},"34":{"name":"(anonymous_34)","decl":{"start":{"line":285,"column":13},"end":{"line":285,"column":14}},"loc":{"start":{"line":285,"column":21},"end":{"line":285,"column":35}},"line":285},"35":{"name":"(anonymous_35)","decl":{"start":{"line":286,"column":14},"end":{"line":286,"column":15}},"loc":{"start":{"line":287,"column":4},"end":{"line":287,"column":66}},"line":287},"36":{"name":"(anonymous_36)","decl":{"start":{"line":288,"column":19},"end":{"line":288,"column":20}},"loc":{"start":{"line":288,"column":31},"end":{"line":288,"column":55}},"line":288},"37":{"name":"(anonymous_37)","decl":{"start":{"line":289,"column":18},"end":{"line":289,"column":19}},"loc":{"start":{"line":289,"column":27},"end":{"line":289,"column":47}},"line":289},"38":{"name":"(anonymous_38)","decl":{"start":{"line":290,"column":28},"end":{"line":290,"column":29}},"loc":{"start":{"line":290,"column":44},"end":{"line":290,"column":81}},"line":290},"39":{"name":"(anonymous_39)","decl":{"start":{"line":291,"column":25},"end":{"line":291,"column":26}},"loc":{"start":{"line":291,"column":38},"end":{"line":291,"column":69}},"line":291},"40":{"name":"(anonymous_40)","decl":{"start":{"line":292,"column":27},"end":{"line":292,"column":28}},"loc":{"start":{"line":292,"column":40},"end":{"line":292,"column":73}},"line":292},"41":{"name":"(anonymous_41)","decl":{"start":{"line":293,"column":24},"end":{"line":293,"column":25}},"loc":{"start":{"line":293,"column":30},"end":{"line":293,"column":53}},"line":293}},"branchMap":{"0":{"loc":{"start":{"line":60,"column":15},"end":{"line":60,"column":49}},"type":"binary-expr","locations":[{"start":{"line":60,"column":15},"end":{"line":60,"column":36}},{"start":{"line":60,"column":40},"end":{"line":60,"column":49}}],"line":60},"1":{"loc":{"start":{"line":90,"column":38},"end":{"line":90,"column":52}},"type":"default-arg","locations":[{"start":{"line":90,"column":47},"end":{"line":90,"column":52}}],"line":90},"2":{"loc":{"start":{"line":91,"column":8},"end":{"line":91,"column":47}},"type":"if","locations":[{"start":{"line":91,"column":8},"end":{"line":91,"column":47}},{"start":{},"end":{}}],"line":91},"3":{"loc":{"start":{"line":119,"column":12},"end":{"line":122,"column":13}},"type":"if","locations":[{"start":{"line":119,"column":12},"end":{"line":122,"column":13}},{"start":{},"end":{}}],"line":119},"4":{"loc":{"start":{"line":143,"column":29},"end":{"line":143,"column":43}},"type":"default-arg","locations":[{"start":{"line":143,"column":42},"end":{"line":143,"column":43}}],"line":143},"5":{"loc":{"start":{"line":143,"column":45},"end":{"line":143,"column":64}},"type":"default-arg","locations":[{"start":{"line":143,"column":60},"end":{"line":143,"column":64}}],"line":143},"6":{"loc":{"start":{"line":143,"column":66},"end":{"line":143,"column":87}},"type":"default-arg","locations":[{"start":{"line":143,"column":86},"end":{"line":143,"column":87}}],"line":143},"7":{"loc":{"start":{"line":152,"column":16},"end":{"line":152,"column":44}},"type":"if","locations":[{"start":{"line":152,"column":16},"end":{"line":152,"column":44}},{"start":{},"end":{}}],"line":152},"8":{"loc":{"start":{"line":182,"column":8},"end":{"line":182,"column":64}},"type":"if","locations":[{"start":{"line":182,"column":8},"end":{"line":182,"column":64}},{"start":{},"end":{}}],"line":182},"9":{"loc":{"start":{"line":182,"column":12},"end":{"line":182,"column":51}},"type":"binary-expr","locations":[{"start":{"line":182,"column":12},"end":{"line":182,"column":24}},{"start":{"line":182,"column":28},"end":{"line":182,"column":51}}],"line":182},"10":{"loc":{"start":{"line":183,"column":8},"end":{"line":183,"column":64}},"type":"if","locations":[{"start":{"line":183,"column":8},"end":{"line":183,"column":64}},{"start":{},"end":{}}],"line":183},"11":{"loc":{"start":{"line":184,"column":8},"end":{"line":184,"column":79}},"type":"if","locations":[{"start":{"line":184,"column":8},"end":{"line":184,"column":79}},{"start":{},"end":{}}],"line":184},"12":{"loc":{"start":{"line":185,"column":8},"end":{"line":193,"column":9}},"type":"if","locations":[{"start":{"line":185,"column":8},"end":{"line":193,"column":9}},{"start":{},"end":{}}],"line":185},"13":{"loc":{"start":{"line":188,"column":16},"end":{"line":190,"column":17}},"type":"if","locations":[{"start":{"line":188,"column":16},"end":{"line":190,"column":17}},{"start":{},"end":{}}],"line":188},"14":{"loc":{"start":{"line":218,"column":16},"end":{"line":226,"column":17}},"type":"if","locations":[{"start":{"line":218,"column":16},"end":{"line":226,"column":17}},{"start":{"line":220,"column":23},"end":{"line":226,"column":17}}],"line":218},"15":{"loc":{"start":{"line":231,"column":15},"end":{"line":231,"column":72}},"type":"cond-expr","locations":[{"start":{"line":231,"column":30},"end":{"line":231,"column":31}},{"start":{"line":231,"column":34},"end":{"line":231,"column":72}}],"line":231},"16":{"loc":{"start":{"line":241,"column":15},"end":{"line":243,"column":46}},"type":"binary-expr","locations":[{"start":{"line":241,"column":15},"end":{"line":241,"column":28}},{"start":{"line":241,"column":32},"end":{"line":241,"column":46}},{"start":{"line":242,"column":15},"end":{"line":242,"column":48}},{"start":{"line":243,"column":15},"end":{"line":243,"column":46}}],"line":241},"17":{"loc":{"start":{"line":265,"column":12},"end":{"line":269,"column":13}},"type":"if","locations":[{"start":{"line":265,"column":12},"end":{"line":269,"column":13}},{"start":{"line":267,"column":19},"end":{"line":269,"column":13}}],"line":265}},"s":{"0":0,"1":0,"2":0,"3":0,"4":0,"5":0,"6":0,"7":0,"8":0,"9":0,"10":0,"11":0,"12":0,"13":0,"14":0,"15":0,"16":0,"17":0,"18":0,"19":0,"20":0,"21":0,"22":0,"23":0,"24":0,"25":0,"26":0,"27":0,"28":0,"29":0,"30":0,"31":0,"32":0,"33":0,"34":0,"35":0,"36":0,"37":0,"38":0,"39":0,"40":0,"41":0,"42":0,"43":0,"44":0,"45":0,"46":0,"47":0,"48":0,"49":0,"50":0,"51":0,"52":0,"53":0,"54":0,"55":0,"56":0,"57":0,"58":0,"59":0,"60":0,"61":0,"62":0,"63":0,"64":0,"65":0,"66":0,"67":0,"68":0,"69":0,"70":0,"71":0,"72":0,"73":0,"74":0,"75":0,"76":0,"77":0,"78":0,"79":0,"80":0,"81":0,"82":0,"83":0,"84":0,"85":0,"86":0,"87":0,"88":0,"89":0,"90":0,"91":0,"92":0,"93":0,"94":0,"95":0,"96":0,"97":0,"98":0,"99":0,"100":0,"101":0,"102":0,"103":0,"104":0,"105":0,"106":0,"107":0,"108":0,"109":0,"110":0,"111":0,"112":0,"113":0,"114":0,"115":0,"116":0,"117":0,"118":0,"119":0},"f":{"0":0,"1":0,"2":0,"3":0,"4":0,"5":0,"6":0,"7":0,"8":0,"9":0,"10":0,"11":0,"12":0,"13":0,"14":0,"15":0,"16":0,"17":0,"18":0,"19":0,"20":0,"21":0,"22":0,"23":0,"24":0,"25":0,"26":0,"27":0,"28":0,"29":0,"30":0,"31":0,"32":0,"33":0,"34":0,"35":0,"36":0,"37":0,"38":0,"39":0,"40":0,"41":0},"b":{"0":[0,0],"1":[0],"2":[0,0],"3":[0,0],"4":[0],"5":[0],"6":[0],"7":[0,0],"8":[0,0],"9":[0,0],"10":[0,0],"11":[0,0],"12":[0,0],"13":[0,0],"14":[0,0],"15":[0,0],"16":[0,0,0,0],"17":[0,0]}}
}
