TN:
SF:content/modules/constants.js
FN:150,(anonymous_0)
FN:158,(anonymous_1)
FN:199,updateCurrentStyles
FN:204,resetCurrentStyles
FNF:4
FNH:0
FNDA:0,(anonymous_0)
FNDA:0,(anonymous_1)
FNDA:0,updateCurrentStyles
FNDA:0,resetCurrentStyles
DA:5,0
DA:13,0
DA:22,0
DA:31,0
DA:54,0
DA:64,0
DA:87,0
DA:100,0
DA:128,0
DA:137,0
DA:147,0
DA:151,0
DA:159,0
DA:168,0
DA:177,0
DA:185,0
DA:196,0
DA:200,0
DA:205,0
DA:209,0
DA:227,0
LF:21
LH:0
BRF:0
BRH:0
end_of_record
TN:
SF:content/modules/contextExtractor.js
FN:5,getContextBefore
FN:12,(anonymous_1)
FN:24,getContextAfter
FN:31,(anonymous_3)
FN:43,cleanContextText
FN:55,(anonymous_5)
FN:65,getBackupContext
FN:74,(anonymous_7)
FN:79,(anonymous_8)
FNF:9
FNH:0
FNDA:0,getContextBefore
FNDA:0,(anonymous_1)
FNDA:0,getContextAfter
FNDA:0,(anonymous_3)
FNDA:0,cleanContextText
FNDA:0,(anonymous_5)
FNDA:0,getBackupContext
FNDA:0,(anonymous_7)
FNDA:0,(anonymous_8)
DA:6,0
DA:7,0
DA:8,0
DA:10,0
DA:11,0
DA:12,0
DA:13,0
DA:16,0
DA:18,0
DA:19,0
DA:25,0
DA:26,0
DA:27,0
DA:29,0
DA:30,0
DA:31,0
DA:32,0
DA:35,0
DA:37,0
DA:38,0
DA:44,0
DA:47,0
DA:55,0
DA:56,0
DA:61,0
DA:66,0
DA:67,0
DA:68,0
DA:69,0
DA:71,0
DA:72,0
DA:73,0
DA:74,0
DA:75,0
DA:76,0
DA:77,0
DA:78,0
DA:79,0
DA:80,0
DA:84,0
DA:87,0
DA:91,0
LF:42
LH:0
BRDA:10,0,0,0
BRDA:10,0,1,0
BRDA:29,1,0,0
BRDA:29,1,1,0
BRDA:44,2,0,0
BRDA:44,2,1,0
BRDA:56,3,0,0
BRDA:56,3,1,0
BRDA:56,3,2,0
BRDA:68,4,0,0
BRDA:68,4,1,0
BRDA:71,5,0,0
BRDA:71,5,1,0
BRDA:72,6,0,0
BRDA:72,6,1,0
BRDA:76,7,0,0
BRDA:76,7,1,0
BRF:17
BRH:0
end_of_record
TN:
SF:content/modules/domUtils.js
FN:5,getCommonParent
FN:29,findNearestContentContainer
FN:48,(anonymous_2)
FN:57,(anonymous_3)
FN:92,getVisibleTextContent
FN:100,(anonymous_5)
FN:129,getXPath
FN:161,isValidCSSIdentifier
FN:171,getCSSSelector
FN:194,(anonymous_9)
FN:215,createDOMFingerprint
FN:225,(anonymous_11)
FN:235,getTextNodesInRange
FN:276,getPreviousTextNodeInContainer
FN:281,(anonymous_14)
FN:307,getNextTextNodeInContainer
FN:312,(anonymous_16)
FN:338,isNonContentText
FN:357,(anonymous_18)
FN:361,createHighlightElement
FN:394,cleanContextText
FN:420,(anonymous_21)
FN:437,generateUUID
FN:438,(anonymous_23)
FNF:24
FNH:0
FNDA:0,getCommonParent
FNDA:0,findNearestContentContainer
FNDA:0,(anonymous_2)
FNDA:0,(anonymous_3)
FNDA:0,getVisibleTextContent
FNDA:0,(anonymous_5)
FNDA:0,getXPath
FNDA:0,isValidCSSIdentifier
FNDA:0,getCSSSelector
FNDA:0,(anonymous_9)
FNDA:0,createDOMFingerprint
FNDA:0,(anonymous_11)
FNDA:0,getTextNodesInRange
FNDA:0,getPreviousTextNodeInContainer
FNDA:0,(anonymous_14)
FNDA:0,getNextTextNodeInContainer
FNDA:0,(anonymous_16)
FNDA:0,isNonContentText
FNDA:0,(anonymous_18)
FNDA:0,createHighlightElement
FNDA:0,cleanContextText
FNDA:0,(anonymous_21)
FNDA:0,generateUUID
FNDA:0,(anonymous_23)
DA:6,0
DA:9,0
DA:10,0
DA:11,0
DA:12,0
DA:13,0
DA:17,0
DA:18,0
DA:19,0
DA:20,0
DA:22,0
DA:25,0
DA:30,0
DA:33,0
DA:40,0
DA:47,0
DA:48,0
DA:49,0
DA:50,0
DA:52,0
DA:56,0
DA:57,0
DA:58,0
DA:59,0
DA:61,0
DA:65,0
DA:66,0
DA:67,0
DA:68,0
DA:73,0
DA:77,0
DA:78,0
DA:79,0
DA:80,0
DA:81,0
DA:82,0
DA:85,0
DA:88,0
DA:93,0
DA:95,0
DA:96,0
DA:101,0
DA:102,0
DA:105,0
DA:106,0
DA:107,0
DA:111,0
DA:112,0
DA:115,0
DA:121,0
DA:122,0
DA:125,0
DA:130,0
DA:131,0
DA:134,0
DA:135,0
DA:138,0
DA:139,0
DA:140,0
DA:141,0
DA:143,0
DA:144,0
DA:145,0
DA:147,0
DA:150,0
DA:151,0
DA:152,0
DA:154,0
DA:157,0
DA:162,0
DA:164,0
DA:165,0
DA:167,0
DA:172,0
DA:173,0
DA:176,0
DA:178,0
DA:179,0
DA:183,0
DA:184,0
DA:185,0
DA:186,0
DA:188,0
DA:189,0
DA:192,0
DA:193,0
DA:194,0
DA:197,0
DA:198,0
DA:202,0
DA:203,0
DA:204,0
DA:207,0
DA:209,0
DA:210,0
DA:216,0
DA:218,0
DA:219,0
DA:222,0
DA:223,0
DA:224,0
DA:225,0
DA:227,0
DA:228,0
DA:231,0
DA:236,0
DA:237,0
DA:240,0
DA:241,0
DA:242,0
DA:246,0
DA:254,0
DA:255,0
DA:256,0
DA:258,0
DA:259,0
DA:260,0
DA:261,0
DA:262,0
DA:263,0
DA:264,0
DA:267,0
DA:272,0
DA:277,0
DA:282,0
DA:283,0
DA:286,0
DA:287,0
DA:288,0
DA:292,0
DA:293,0
DA:296,0
DA:302,0
DA:303,0
DA:308,0
DA:313,0
DA:314,0
DA:317,0
DA:318,0
DA:319,0
DA:323,0
DA:324,0
DA:327,0
DA:333,0
DA:334,0
DA:339,0
DA:342,0
DA:345,0
DA:357,0
DA:362,0
DA:363,0
DA:364,0
DA:365,0
DA:367,0
DA:368,0
DA:371,0
DA:372,0
DA:373,0
DA:374,0
DA:376,0
DA:377,0
DA:378,0
DA:381,0
DA:382,0
DA:383,0
DA:384,0
DA:387,0
DA:388,0
DA:395,0
DA:398,0
DA:420,0
DA:422,0
DA:425,0
DA:431,0
DA:433,0
DA:438,0
DA:439,0
DA:440,0
DA:441,0
DA:447,0
LF:180
LH:0
BRDA:6,0,0,0
BRDA:6,0,1,0
BRDA:6,1,0,0
BRDA:6,1,1,0
BRDA:11,2,0,0
BRDA:11,2,1,0
BRDA:18,3,0,0
BRDA:18,3,1,0
BRDA:19,4,0,0
BRDA:19,4,1,0
BRDA:30,5,0,0
BRDA:30,5,1,0
BRDA:47,6,0,0
BRDA:47,6,1,0
BRDA:50,7,0,0
BRDA:50,7,1,0
BRDA:56,8,0,0
BRDA:56,8,1,0
BRDA:59,9,0,0
BRDA:59,9,1,0
BRDA:65,10,0,0
BRDA:65,10,1,0
BRDA:66,11,0,0
BRDA:66,11,1,0
BRDA:67,12,0,0
BRDA:67,12,1,0
BRDA:77,13,0,0
BRDA:77,13,1,0
BRDA:78,14,0,0
BRDA:78,14,1,0
BRDA:79,15,0,0
BRDA:79,15,1,0
BRDA:79,16,0,0
BRDA:79,16,1,0
BRDA:80,17,0,0
BRDA:80,17,1,0
BRDA:81,18,0,0
BRDA:81,18,1,0
BRDA:93,19,0,0
BRDA:93,19,1,0
BRDA:102,20,0,0
BRDA:102,20,1,0
BRDA:106,21,0,0
BRDA:106,21,1,0
BRDA:106,22,0,0
BRDA:106,22,1,0
BRDA:106,22,2,0
BRDA:111,23,0,0
BRDA:111,23,1,0
BRDA:130,24,0,0
BRDA:130,24,1,0
BRDA:134,25,0,0
BRDA:134,25,1,0
BRDA:139,26,0,0
BRDA:139,26,1,0
BRDA:144,27,0,0
BRDA:144,27,1,0
BRDA:144,28,0,0
BRDA:144,28,1,0
BRDA:151,29,0,0
BRDA:151,29,1,0
BRDA:157,30,0,0
BRDA:157,30,1,0
BRDA:162,31,0,0
BRDA:162,31,1,0
BRDA:162,32,0,0
BRDA:162,32,1,0
BRDA:167,33,0,0
BRDA:167,33,1,0
BRDA:167,33,2,0
BRDA:172,34,0,0
BRDA:172,34,1,0
BRDA:172,35,0,0
BRDA:172,35,1,0
BRDA:178,36,0,0
BRDA:178,36,1,0
BRDA:178,37,0,0
BRDA:178,37,1,0
BRDA:188,38,0,0
BRDA:188,38,1,0
BRDA:188,38,2,0
BRDA:188,38,3,0
BRDA:192,39,0,0
BRDA:192,39,1,0
BRDA:192,40,0,0
BRDA:192,40,1,0
BRDA:194,41,0,0
BRDA:194,41,1,0
BRDA:194,41,2,0
BRDA:197,42,0,0
BRDA:197,42,1,0
BRDA:207,43,0,0
BRDA:207,43,1,0
BRDA:216,44,0,0
BRDA:216,44,1,0
BRDA:222,45,0,0
BRDA:222,45,1,0
BRDA:222,45,2,0
BRDA:223,46,0,0
BRDA:223,46,1,0
BRDA:224,47,0,0
BRDA:224,47,1,0
BRDA:224,48,0,0
BRDA:224,48,1,0
BRDA:225,49,0,0
BRDA:225,49,1,0
BRDA:227,50,0,0
BRDA:227,50,1,0
BRDA:240,51,0,0
BRDA:240,51,1,0
BRDA:240,52,0,0
BRDA:240,52,1,0
BRDA:258,53,0,0
BRDA:258,53,1,0
BRDA:258,54,0,0
BRDA:258,54,1,0
BRDA:260,55,0,0
BRDA:260,55,1,0
BRDA:260,56,0,0
BRDA:260,56,1,0
BRDA:263,57,0,0
BRDA:263,57,1,0
BRDA:263,58,0,0
BRDA:263,58,1,0
BRDA:283,59,0,0
BRDA:283,59,1,0
BRDA:287,60,0,0
BRDA:287,60,1,0
BRDA:287,61,0,0
BRDA:287,61,1,0
BRDA:292,62,0,0
BRDA:292,62,1,0
BRDA:314,63,0,0
BRDA:314,63,1,0
BRDA:318,64,0,0
BRDA:318,64,1,0
BRDA:318,65,0,0
BRDA:318,65,1,0
BRDA:323,66,0,0
BRDA:323,66,1,0
BRDA:342,67,0,0
BRDA:342,67,1,0
BRDA:367,68,0,0
BRDA:367,68,1,0
BRDA:395,69,0,0
BRDA:395,69,1,0
BRDA:422,70,0,0
BRDA:422,70,1,0
BRDA:425,71,0,0
BRDA:425,71,1,0
BRDA:425,71,2,0
BRDA:440,72,0,0
BRDA:440,72,1,0
BRF:153
BRH:0
end_of_record
TN:
SF:content/modules/dynamicContentHandler.js
FN:8,addToPendingHighlights
FN:18,processPendingHighlights
FN:48,startDOMObserver
FN:52,(anonymous_3)
FN:88,stopDOMObserver
FN:97,disconnectDOMObserver
FN:102,handleContentChanges
FN:112,initializeDynamicContent
FN:126,retryHighlightRestoration
FN:129,(anonymous_9)
FN:151,getPendingHighlightsCount
FN:156,clearPendingHighlights
FNF:12
FNH:0
FNDA:0,addToPendingHighlights
FNDA:0,processPendingHighlights
FNDA:0,startDOMObserver
FNDA:0,(anonymous_3)
FNDA:0,stopDOMObserver
FNDA:0,disconnectDOMObserver
FNDA:0,handleContentChanges
FNDA:0,initializeDynamicContent
FNDA:0,retryHighlightRestoration
FNDA:0,(anonymous_9)
FNDA:0,getPendingHighlightsCount
FNDA:0,clearPendingHighlights
DA:4,0
DA:5,0
DA:9,0
DA:10,0
DA:11,0
DA:13,0
DA:19,0
DA:21,0
DA:22,0
DA:24,0
DA:26,0
DA:27,0
DA:28,0
DA:29,0
DA:30,0
DA:33,0
DA:37,0
DA:39,0
DA:40,0
DA:43,0
DA:49,0
DA:51,0
DA:52,0
DA:53,0
DA:55,0
DA:56,0
DA:58,0
DA:59,0
DA:60,0
DA:61,0
DA:62,0
DA:63,0
DA:70,0
DA:71,0
DA:72,0
DA:76,0
DA:81,0
DA:83,0
DA:89,0
DA:90,0
DA:91,0
DA:92,0
DA:98,0
DA:103,0
DA:105,0
DA:107,0
DA:113,0
DA:114,0
DA:117,0
DA:119,0
DA:121,0
DA:127,0
DA:129,0
DA:130,0
DA:131,0
DA:132,0
DA:133,0
DA:134,0
DA:138,0
DA:139,0
DA:140,0
DA:142,0
DA:143,0
DA:147,0
DA:152,0
DA:157,0
DA:161,0
DA:164,0
LF:68
LH:0
BRDA:19,0,0,0
BRDA:19,0,1,0
BRDA:27,1,0,0
BRDA:27,1,1,0
BRDA:29,2,0,0
BRDA:29,2,1,0
BRDA:39,3,0,0
BRDA:39,3,1,0
BRDA:49,4,0,0
BRDA:49,4,1,0
BRDA:56,5,0,0
BRDA:56,5,1,0
BRDA:56,6,0,0
BRDA:56,6,1,0
BRDA:59,7,0,0
BRDA:59,7,1,0
BRDA:60,8,0,0
BRDA:60,8,1,0
BRDA:61,9,0,0
BRDA:61,9,1,0
BRDA:70,10,0,0
BRDA:70,10,1,0
BRDA:89,11,0,0
BRDA:89,11,1,0
BRDA:126,12,0,0
BRDA:130,13,0,0
BRDA:130,13,1,0
BRDA:132,14,0,0
BRDA:132,14,1,0
BRDA:139,15,0,0
BRDA:139,15,1,0
BRF:31
BRH:0
end_of_record
TN:
SF:content/modules/eventHandler.js
FN:8,init
FN:33,handleTextSelection
FN:40,(anonymous_2)
FN:55,handleHighlightClick
FN:72,handleDocumentClick
FN:87,handleDoubleClick
FN:103,setupSPANavigationDetection
FN:108,(anonymous_7)
FN:113,(anonymous_8)
FN:132,getDoubleClickDragMode
FN:137,setDoubleClickDragMode
FNF:11
FNH:0
FNDA:0,init
FNDA:0,handleTextSelection
FNDA:0,(anonymous_2)
FNDA:0,handleHighlightClick
FNDA:0,handleDocumentClick
FNDA:0,handleDoubleClick
FNDA:0,setupSPANavigationDetection
FNDA:0,(anonymous_7)
FNDA:0,(anonymous_8)
FNDA:0,getDoubleClickDragMode
FNDA:0,setDoubleClickDragMode
DA:4,0
DA:5,0
DA:9,0
DA:11,0
DA:13,0
DA:16,0
DA:19,0
DA:22,0
DA:24,0
DA:25,0
DA:28,0
DA:34,0
DA:35,0
DA:36,0
DA:40,0
DA:41,0
DA:42,0
DA:44,0
DA:45,0
DA:50,0
DA:56,0
DA:57,0
DA:58,0
DA:59,0
DA:62,0
DA:63,0
DA:67,0
DA:73,0
DA:75,0
DA:77,0
DA:78,0
DA:82,0
DA:88,0
DA:90,0
DA:91,0
DA:93,0
DA:94,0
DA:98,0
DA:104,0
DA:106,0
DA:108,0
DA:109,0
DA:110,0
DA:113,0
DA:114,0
DA:115,0
DA:122,0
DA:125,0
DA:133,0
DA:138,0
DA:142,0
LF:51
LH:0
BRDA:9,0,0,0
BRDA:9,0,1,0
BRDA:22,1,0,0
BRDA:22,1,1,0
BRDA:35,2,0,0
BRDA:35,2,1,0
BRDA:42,3,0,0
BRDA:42,3,1,0
BRDA:42,4,0,0
BRDA:42,4,1,0
BRDA:44,5,0,0
BRDA:44,5,1,0
BRDA:58,6,0,0
BRDA:58,6,1,0
BRDA:62,7,0,0
BRDA:62,7,1,0
BRDA:75,8,0,0
BRDA:75,8,1,0
BRDA:75,9,0,0
BRDA:75,9,1,0
BRDA:77,10,0,0
BRDA:77,10,1,0
BRDA:91,11,0,0
BRDA:91,11,1,0
BRDA:91,12,0,0
BRDA:91,12,1,0
BRDA:93,13,0,0
BRDA:93,13,1,0
BRDA:109,14,0,0
BRDA:109,14,1,0
BRDA:114,15,0,0
BRDA:114,15,1,0
BRF:32
BRH:0
end_of_record
TN:
SF:content/modules/highlightManager.js
FN:7,applyHighlight
FN:93,changeHighlightColor
FN:105,(anonymous_2)
FN:114,(anonymous_3)
FN:122,(anonymous_4)
FN:134,removeHighlight
FN:141,(anonymous_6)
FN:159,restoreHighlight
FN:188,restoreHighlightByTextContent
FN:197,(anonymous_9)
FN:241,(anonymous_10)
FN:244,(anonymous_11)
FN:265,createSimpleHighlight
FN:355,highlightRangeRobustly
FN:374,highlightComplexRange
FN:452,getTextNodesInRangeForHighlighting
FN:458,(anonymous_16)
FN:483,scoreTextCandidate
FN:519,calculateContextMatchForHighlighting
FN:535,(anonymous_19)
FN:547,getExtendedContext
FN:580,getPreviousTextNode
FN:589,getNextTextNode
FN:599,getBackupContext
FN:608,(anonymous_24)
FN:613,(anonymous_25)
FN:626,(anonymous_26)
FNF:27
FNH:0
FNDA:0,applyHighlight
FNDA:0,changeHighlightColor
FNDA:0,(anonymous_2)
FNDA:0,(anonymous_3)
FNDA:0,(anonymous_4)
FNDA:0,removeHighlight
FNDA:0,(anonymous_6)
FNDA:0,restoreHighlight
FNDA:0,restoreHighlightByTextContent
FNDA:0,(anonymous_9)
FNDA:0,(anonymous_10)
FNDA:0,(anonymous_11)
FNDA:0,createSimpleHighlight
FNDA:0,highlightRangeRobustly
FNDA:0,highlightComplexRange
FNDA:0,getTextNodesInRangeForHighlighting
FNDA:0,(anonymous_16)
FNDA:0,scoreTextCandidate
FNDA:0,calculateContextMatchForHighlighting
FNDA:0,(anonymous_19)
FNDA:0,getExtendedContext
FNDA:0,getPreviousTextNode
FNDA:0,getNextTextNode
FNDA:0,getBackupContext
FNDA:0,(anonymous_24)
FNDA:0,(anonymous_25)
FNDA:0,(anonymous_26)
DA:8,0
DA:10,0
DA:11,0
DA:14,0
DA:26,0
DA:34,0
DA:35,0
DA:36,0
DA:37,0
DA:40,0
DA:42,0
DA:44,0
DA:45,0
DA:46,0
DA:50,0
DA:51,0
DA:52,0
DA:53,0
DA:56,0
DA:65,0
DA:66,0
DA:67,0
DA:70,0
DA:73,0
DA:76,0
DA:77,0
DA:79,0
DA:83,0
DA:85,0
DA:86,0
DA:88,0
DA:94,0
DA:95,0
DA:97,0
DA:98,0
DA:102,0
DA:105,0
DA:106,0
DA:107,0
DA:110,0
DA:114,0
DA:115,0
DA:116,0
DA:117,0
DA:123,0
DA:124,0
DA:128,0
DA:135,0
DA:138,0
DA:141,0
DA:142,0
DA:143,0
DA:144,0
DA:145,0
DA:147,0
DA:150,0
DA:155,0
DA:160,0
DA:170,0
DA:171,0
DA:172,0
DA:176,0
DA:178,0
DA:179,0
DA:180,0
DA:182,0
DA:183,0
DA:189,0
DA:191,0
DA:193,0
DA:199,0
DA:200,0
DA:204,0
DA:205,0
DA:206,0
DA:207,0
DA:211,0
DA:217,0
DA:221,0
DA:222,0
DA:225,0
DA:228,0
DA:229,0
DA:230,0
DA:234,0
DA:235,0
DA:236,0
DA:237,0
DA:241,0
DA:243,0
DA:244,0
DA:245,0
DA:249,0
DA:252,0
DA:253,0
DA:256,0
DA:259,0
DA:260,0
DA:266,0
DA:267,0
DA:270,0
DA:271,0
DA:274,0
DA:275,0
DA:276,0
DA:279,0
DA:280,0
DA:281,0
DA:283,0
DA:284,0
DA:286,0
DA:288,0
DA:289,0
DA:290,0
DA:299,0
DA:300,0
DA:301,0
DA:302,0
DA:309,0
DA:312,0
DA:313,0
DA:315,0
DA:316,0
DA:321,0
DA:325,0
DA:326,0
DA:327,0
DA:329,0
DA:330,0
DA:331,0
DA:334,0
DA:335,0
DA:336,0
DA:337,0
DA:340,0
DA:342,0
DA:344,0
DA:345,0
DA:348,0
DA:349,0
DA:356,0
DA:358,0
DA:360,0
DA:361,0
DA:365,0
DA:368,0
DA:369,0
DA:375,0
DA:377,0
DA:379,0
DA:380,0
DA:381,0
DA:385,0
DA:386,0
DA:387,0
DA:390,0
DA:391,0
DA:393,0
DA:394,0
DA:396,0
DA:397,0
DA:398,0
DA:403,0
DA:404,0
DA:405,0
DA:408,0
DA:409,0
DA:411,0
DA:412,0
DA:414,0
DA:415,0
DA:419,0
DA:420,0
DA:423,0
DA:424,0
DA:427,0
DA:428,0
DA:429,0
DA:430,0
DA:431,0
DA:434,0
DA:436,0
DA:437,0
DA:439,0
DA:443,0
DA:446,0
DA:447,0
DA:453,0
DA:454,0
DA:459,0
DA:460,0
DA:461,0
DA:465,0
DA:466,0
DA:469,0
DA:475,0
DA:476,0
DA:479,0
DA:484,0
DA:486,0
DA:487,0
DA:488,0
DA:491,0
DA:492,0
DA:493,0
DA:496,0
DA:497,0
DA:500,0
DA:501,0
DA:502,0
DA:505,0
DA:506,0
DA:507,0
DA:510,0
DA:513,0
DA:514,0
DA:520,0
DA:522,0
DA:523,0
DA:525,0
DA:528,0
DA:529,0
DA:533,0
DA:534,0
DA:535,0
DA:536,0
DA:539,0
DA:540,0
DA:543,0
DA:548,0
DA:549,0
DA:551,0
DA:553,0
DA:554,0
DA:558,0
DA:560,0
DA:562,0
DA:563,0
DA:565,0
DA:568,0
DA:571,0
DA:574,0
DA:575,0
DA:581,0
DA:582,0
DA:583,0
DA:585,0
DA:590,0
DA:591,0
DA:592,0
DA:594,0
DA:600,0
DA:601,0
DA:602,0
DA:603,0
DA:605,0
DA:606,0
DA:607,0
DA:608,0
DA:609,0
DA:610,0
DA:611,0
DA:612,0
DA:613,0
DA:614,0
DA:618,0
DA:621,0
DA:625,0
DA:626,0
LF:269
LH:0
BRDA:8,0,0,0
BRDA:8,0,1,0
BRDA:8,1,0,0
BRDA:8,1,1,0
BRDA:21,2,0,0
BRDA:21,2,1,0
BRDA:22,3,0,0
BRDA:22,3,1,0
BRDA:44,4,0,0
BRDA:44,4,1,0
BRDA:51,5,0,0
BRDA:51,5,1,0
BRDA:65,6,0,0
BRDA:65,6,1,0
BRDA:85,7,0,0
BRDA:85,7,1,0
BRDA:97,8,0,0
BRDA:97,8,1,0
BRDA:123,9,0,0
BRDA:123,9,1,0
BRDA:143,10,0,0
BRDA:143,10,1,0
BRDA:159,11,0,0
BRDA:165,12,0,0
BRDA:165,12,1,0
BRDA:166,13,0,0
BRDA:166,13,1,0
BRDA:170,14,0,0
BRDA:170,14,1,0
BRDA:178,15,0,0
BRDA:178,15,1,0
BRDA:199,16,0,0
BRDA:199,16,1,0
BRDA:199,17,0,0
BRDA:199,17,1,0
BRDA:204,18,0,0
BRDA:204,18,1,0
BRDA:206,19,0,0
BRDA:206,19,1,0
BRDA:206,20,0,0
BRDA:206,20,1,0
BRDA:206,20,2,0
BRDA:228,21,0,0
BRDA:228,21,1,0
BRDA:235,22,0,0
BRDA:235,22,1,0
BRDA:252,23,0,0
BRDA:252,23,1,0
BRDA:281,24,0,0
BRDA:281,24,1,0
BRDA:281,25,0,0
BRDA:281,25,1,0
BRDA:288,26,0,0
BRDA:288,26,1,0
BRDA:288,27,0,0
BRDA:288,27,1,0
BRDA:299,28,0,0
BRDA:299,28,1,0
BRDA:315,29,0,0
BRDA:315,29,1,0
BRDA:329,30,0,0
BRDA:329,30,1,0
BRDA:358,31,0,0
BRDA:358,31,1,0
BRDA:358,32,0,0
BRDA:358,32,1,0
BRDA:379,33,0,0
BRDA:379,33,1,0
BRDA:385,34,0,0
BRDA:385,34,1,0
BRDA:390,35,0,0
BRDA:390,35,1,0
BRDA:391,36,0,0
BRDA:391,36,1,0
BRDA:396,37,0,0
BRDA:396,37,1,0
BRDA:411,38,0,0
BRDA:411,38,1,0
BRDA:414,39,0,0
BRDA:414,39,1,0
BRDA:419,40,0,0
BRDA:419,40,1,0
BRDA:460,41,0,0
BRDA:460,41,1,0
BRDA:465,42,0,0
BRDA:465,42,1,0
BRDA:500,43,0,0
BRDA:500,43,1,0
BRDA:500,44,0,0
BRDA:500,44,1,0
BRDA:505,45,0,0
BRDA:505,45,1,0
BRDA:505,46,0,0
BRDA:505,46,1,0
BRDA:520,47,0,0
BRDA:520,47,1,0
BRDA:520,48,0,0
BRDA:520,48,1,0
BRDA:525,49,0,0
BRDA:525,49,1,0
BRDA:528,50,0,0
BRDA:528,50,1,0
BRDA:528,51,0,0
BRDA:528,51,1,0
BRDA:536,52,0,0
BRDA:536,52,1,0
BRDA:539,53,0,0
BRDA:539,53,1,0
BRDA:553,54,0,0
BRDA:553,54,1,0
BRDA:554,55,0,0
BRDA:554,55,1,0
BRDA:558,56,0,0
BRDA:558,56,1,0
BRDA:560,57,0,0
BRDA:560,57,1,0
BRDA:562,58,0,0
BRDA:562,58,1,0
BRDA:582,59,0,0
BRDA:582,59,1,0
BRDA:591,60,0,0
BRDA:591,60,1,0
BRDA:602,61,0,0
BRDA:602,61,1,0
BRDA:605,62,0,0
BRDA:605,62,1,0
BRDA:606,63,0,0
BRDA:606,63,1,0
BRDA:610,64,0,0
BRDA:610,64,1,0
BRF:130
BRH:0
end_of_record
TN:
SF:content/modules/positionDataGenerator.js
FN:5,getPositionData
FN:39,getXPathForNode
FN:76,getTextIndex
FN:89,mapNormalizedToOriginalSimple
FNF:4
FNH:0
FNDA:0,getPositionData
FNDA:0,getXPathForNode
FNDA:0,getTextIndex
FNDA:0,mapNormalizedToOriginalSimple
DA:6,0
DA:7,0
DA:8,0
DA:11,0
DA:12,0
DA:21,0
DA:28,0
DA:29,0
DA:40,0
DA:42,0
DA:43,0
DA:44,0
DA:47,0
DA:48,0
DA:50,0
DA:51,0
DA:52,0
DA:54,0
DA:55,0
DA:56,0
DA:58,0
DA:61,0
DA:62,0
DA:63,0
DA:65,0
DA:68,0
DA:70,0
DA:71,0
DA:77,0
DA:79,0
DA:80,0
DA:81,0
DA:83,0
DA:84,0
DA:90,0
DA:91,0
DA:92,0
DA:95,0
DA:96,0
DA:98,0
DA:99,0
DA:100,0
DA:102,0
DA:103,0
DA:104,0
DA:107,0
DA:110,0
DA:112,0
DA:113,0
DA:118,0
LF:50
LH:0
BRDA:11,0,0,0
BRDA:11,0,1,0
BRDA:11,1,0,0
BRDA:11,1,1,0
BRDA:40,2,0,0
BRDA:40,2,1,0
BRDA:43,3,0,0
BRDA:43,3,1,0
BRDA:50,4,0,0
BRDA:50,4,1,0
BRDA:50,4,2,0
BRDA:55,5,0,0
BRDA:55,5,1,0
BRDA:55,6,0,0
BRDA:55,6,1,0
BRDA:62,7,0,0
BRDA:62,7,1,0
BRDA:68,8,0,0
BRDA:68,8,1,0
BRDA:77,9,0,0
BRDA:77,9,1,0
BRDA:77,10,0,0
BRDA:77,10,1,0
BRDA:80,11,0,0
BRDA:80,11,1,0
BRDA:91,12,0,0
BRDA:91,12,1,0
BRDA:92,13,0,0
BRDA:92,13,1,0
BRDA:98,14,0,0
BRDA:98,14,1,0
BRDA:102,15,0,0
BRDA:102,15,1,0
BRDA:103,16,0,0
BRDA:103,16,1,0
BRF:35
BRH:0
end_of_record
TN:
SF:content/modules/storageManager.js
FN:5,saveHighlight
FN:11,(anonymous_1)
FN:16,(anonymous_2)
FN:26,deleteHighlight
FN:31,(anonymous_4)
FN:33,(anonymous_5)
FN:36,(anonymous_6)
FN:46,restoreHighlights
FN:51,(anonymous_8)
FN:56,(anonymous_9)
FN:57,(anonymous_10)
FN:64,(anonymous_11)
FN:74,removeAllHighlightsFromCurrentPage
FN:78,(anonymous_13)
FN:103,getStorageStats
FN:104,(anonymous_15)
FN:107,(anonymous_16)
FN:113,(anonymous_17)
FNF:18
FNH:0
FNDA:0,saveHighlight
FNDA:0,(anonymous_1)
FNDA:0,(anonymous_2)
FNDA:0,deleteHighlight
FNDA:0,(anonymous_4)
FNDA:0,(anonymous_5)
FNDA:0,(anonymous_6)
FNDA:0,restoreHighlights
FNDA:0,(anonymous_8)
FNDA:0,(anonymous_9)
FNDA:0,(anonymous_10)
FNDA:0,(anonymous_11)
FNDA:0,removeAllHighlightsFromCurrentPage
FNDA:0,(anonymous_13)
FNDA:0,getStorageStats
FNDA:0,(anonymous_15)
FNDA:0,(anonymous_16)
FNDA:0,(anonymous_17)
DA:6,0
DA:7,0
DA:10,0
DA:11,0
DA:12,0
DA:13,0
DA:14,0
DA:15,0
DA:17,0
DA:21,0
DA:27,0
DA:28,0
DA:30,0
DA:31,0
DA:32,0
DA:33,0
DA:34,0
DA:37,0
DA:41,0
DA:47,0
DA:48,0
DA:50,0
DA:51,0
DA:52,0
DA:53,0
DA:56,0
DA:57,0
DA:58,0
DA:59,0
DA:65,0
DA:69,0
DA:75,0
DA:76,0
DA:78,0
DA:79,0
DA:80,0
DA:82,0
DA:83,0
DA:84,0
DA:85,0
DA:87,0
DA:88,0
DA:92,0
DA:93,0
DA:98,0
DA:104,0
DA:105,0
DA:106,0
DA:107,0
DA:108,0
DA:114,0
DA:115,0
DA:122,0
DA:129,0
DA:130,0
DA:140,0
LF:56
LH:0
BRDA:10,0,0,0
BRDA:10,0,1,0
BRDA:12,1,0,0
BRDA:12,1,1,0
BRDA:30,2,0,0
BRDA:30,2,1,0
BRDA:32,3,0,0
BRDA:32,3,1,0
BRDA:50,4,0,0
BRDA:50,4,1,0
BRDA:52,5,0,0
BRDA:52,5,1,0
BRDA:52,6,0,0
BRDA:52,6,1,0
BRDA:58,7,0,0
BRDA:58,7,1,0
BRDA:80,8,0,0
BRDA:80,8,1,0
BRDA:83,9,0,0
BRDA:83,9,1,0
BRDA:92,10,0,0
BRDA:92,10,1,0
BRDA:106,11,0,0
BRDA:106,11,1,0
BRDA:109,12,0,0
BRDA:109,12,1,0
BRDA:110,13,0,0
BRDA:110,13,1,0
BRDA:111,14,0,0
BRDA:111,14,1,0
BRF:30
BRH:0
end_of_record
TN:
SF:content/modules/styleManager.js
FN:5,applyStylesToHighlight
FN:43,getColorWithOpacity
FN:56,updateHighlightStyles
FN:65,(anonymous_3)
FN:75,updateHighlightColor
FNF:5
FNH:0
FNDA:0,applyStylesToHighlight
FNDA:0,getColorWithOpacity
FNDA:0,updateHighlightStyles
FNDA:0,(anonymous_3)
FNDA:0,updateHighlightColor
DA:6,0
DA:7,0
DA:10,0
DA:13,0
DA:14,0
DA:16,0
DA:20,0
DA:21,0
DA:23,0
DA:27,0
DA:28,0
DA:30,0
DA:34,0
DA:35,0
DA:38,0
DA:44,0
DA:52,0
DA:57,0
DA:59,0
DA:60,0
DA:64,0
DA:65,0
DA:66,0
DA:70,0
DA:76,0
DA:77,0
DA:80,0
DA:81,0
DA:84,0
DA:87,0
DA:92,0
LF:31
LH:0
BRDA:7,0,0,0
BRDA:7,0,1,0
BRDA:10,1,0,0
BRDA:10,1,1,0
BRDA:13,2,0,0
BRDA:13,2,1,0
BRDA:20,3,0,0
BRDA:20,3,1,0
BRDA:27,4,0,0
BRDA:27,4,1,0
BRDA:52,5,0,0
BRDA:52,5,1,0
BRDA:59,6,0,0
BRDA:59,6,1,0
BRDA:59,7,0,0
BRDA:59,7,1,0
BRDA:77,8,0,0
BRDA:77,8,1,0
BRF:18
BRH:0
end_of_record
TN:
SF:content/modules/textMatcher.js
FN:5,findTextMatches
FN:50,(anonymous_1)
FN:59,normalizeText
FN:65,normalizeTextForMatching
FN:77,findOriginalIndex
FN:99,mapNormalizedToOriginal
FN:131,findFuzzyMatches
FN:133,(anonymous_7)
FN:134,(anonymous_8)
FN:168,(anonymous_9)
FN:173,calculateWordSimilarity
FN:191,calculateWordArraySimilarity
FN:209,levenshteinDistance
FN:241,calculateTextSimilarity
FN:244,(anonymous_14)
FN:254,(anonymous_15)
FN:272,findPatternMatches
FN:295,(anonymous_17)
FN:312,(anonymous_18)
FNF:19
FNH:0
FNDA:0,findTextMatches
FNDA:0,(anonymous_1)
FNDA:0,normalizeText
FNDA:0,normalizeTextForMatching
FNDA:0,findOriginalIndex
FNDA:0,mapNormalizedToOriginal
FNDA:0,findFuzzyMatches
FNDA:0,(anonymous_7)
FNDA:0,(anonymous_8)
FNDA:0,(anonymous_9)
FNDA:0,calculateWordSimilarity
FNDA:0,calculateWordArraySimilarity
FNDA:0,levenshteinDistance
FNDA:0,calculateTextSimilarity
FNDA:0,(anonymous_14)
FNDA:0,(anonymous_15)
FNDA:0,findPatternMatches
FNDA:0,(anonymous_17)
FNDA:0,(anonymous_18)
DA:6,0
DA:9,0
DA:10,0
DA:11,0
DA:12,0
DA:16,0
DA:17,0
DA:18,0
DA:19,0
DA:23,0
DA:24,0
DA:25,0
DA:26,0
DA:27,0
DA:28,0
DA:29,0
DA:34,0
DA:35,0
DA:37,0
DA:38,0
DA:39,0
DA:40,0
DA:41,0
DA:42,0
DA:43,0
DA:49,0
DA:50,0
DA:54,0
DA:60,0
DA:66,0
DA:67,0
DA:78,0
DA:79,0
DA:81,0
DA:82,0
DA:83,0
DA:84,0
DA:85,0
DA:87,0
DA:89,0
DA:90,0
DA:94,0
DA:100,0
DA:102,0
DA:103,0
DA:105,0
DA:106,0
DA:107,0
DA:108,0
DA:109,0
DA:111,0
DA:112,0
DA:113,0
DA:114,0
DA:116,0
DA:118,0
DA:119,0
DA:122,0
DA:126,0
DA:132,0
DA:133,0
DA:134,0
DA:137,0
DA:138,0
DA:139,0
DA:141,0
DA:142,0
DA:143,0
DA:144,0
DA:145,0
DA:151,0
DA:152,0
DA:153,0
DA:154,0
DA:155,0
DA:156,0
DA:158,0
DA:159,0
DA:160,0
DA:161,0
DA:162,0
DA:168,0
DA:174,0
DA:176,0
DA:177,0
DA:179,0
DA:180,0
DA:182,0
DA:183,0
DA:185,0
DA:186,0
DA:192,0
DA:194,0
DA:195,0
DA:196,0
DA:197,0
DA:199,0
DA:200,0
DA:204,0
DA:210,0
DA:212,0
DA:214,0
DA:215,0
DA:218,0
DA:219,0
DA:222,0
DA:223,0
DA:224,0
DA:225,0
DA:227,0
DA:236,0
DA:242,0
DA:244,0
DA:245,0
DA:246,0
DA:248,0
DA:251,0
DA:252,0
DA:253,0
DA:254,0
DA:255,0
DA:258,0
DA:259,0
DA:262,0
DA:263,0
DA:264,0
DA:267,0
DA:273,0
DA:274,0
DA:277,0
DA:278,0
DA:280,0
DA:281,0
DA:282,0
DA:283,0
DA:284,0
DA:286,0
DA:287,0
DA:291,0
DA:295,0
DA:299,0
DA:312,0
LF:142
LH:0
BRDA:10,0,0,0
BRDA:10,0,1,0
BRDA:17,1,0,0
BRDA:17,1,1,0
BRDA:26,2,0,0
BRDA:26,2,1,0
BRDA:28,3,0,0
BRDA:28,3,1,0
BRDA:37,4,0,0
BRDA:37,4,1,0
BRDA:40,5,0,0
BRDA:40,5,1,0
BRDA:42,6,0,0
BRDA:42,6,1,0
BRDA:66,7,0,0
BRDA:66,7,1,0
BRDA:81,8,0,0
BRDA:81,8,1,0
BRDA:83,9,0,0
BRDA:83,9,1,0
BRDA:84,10,0,0
BRDA:84,10,1,0
BRDA:94,11,0,0
BRDA:94,11,1,0
BRDA:100,12,0,0
BRDA:100,12,1,0
BRDA:105,13,0,0
BRDA:105,13,1,0
BRDA:108,14,0,0
BRDA:108,14,1,0
BRDA:111,15,0,0
BRDA:111,15,1,0
BRDA:112,16,0,0
BRDA:112,16,1,0
BRDA:113,17,0,0
BRDA:113,17,1,0
BRDA:126,18,0,0
BRDA:126,18,1,0
BRDA:141,19,0,0
BRDA:141,19,1,0
BRDA:144,20,0,0
BRDA:144,20,1,0
BRDA:151,21,0,0
BRDA:151,21,1,0
BRDA:158,22,0,0
BRDA:158,22,1,0
BRDA:161,23,0,0
BRDA:161,23,1,0
BRDA:174,24,0,0
BRDA:174,24,1,0
BRDA:179,25,0,0
BRDA:179,25,1,0
BRDA:180,26,0,0
BRDA:180,26,1,0
BRDA:180,27,0,0
BRDA:180,27,1,0
BRDA:183,28,0,0
BRDA:183,28,1,0
BRDA:192,29,0,0
BRDA:192,29,1,0
BRDA:199,30,0,0
BRDA:199,30,1,0
BRDA:199,31,0,0
BRDA:199,31,1,0
BRDA:199,31,2,0
BRDA:199,31,3,0
BRDA:210,32,0,0
BRDA:210,32,1,0
BRDA:224,33,0,0
BRDA:224,33,1,0
BRDA:242,34,0,0
BRDA:242,34,1,0
BRDA:248,35,0,0
BRDA:248,35,1,0
BRDA:259,36,0,0
BRDA:259,36,1,0
BRDA:262,37,0,0
BRDA:262,37,1,0
BRDA:263,38,0,0
BRDA:263,38,1,0
BRDA:264,39,0,0
BRDA:264,39,1,0
BRDA:272,40,0,0
BRDA:278,41,0,0
BRDA:278,41,1,0
BRDA:282,42,0,0
BRDA:282,42,1,0
BRDA:286,43,0,0
BRDA:286,43,1,0
BRF:89
BRH:0
end_of_record
TN:
SF:content/modules/textSelectionValidator.js
FN:6,findBestTextContainer
FN:12,checkContextMatch
FN:24,calculateContextMatchForValidation
FN:38,(anonymous_3)
FN:50,scoreContentContext
FN:66,getTextNodesInRangeForValidation
FN:72,(anonymous_6)
FN:96,isTextNodeInRange
FN:106,getPreviousTextNodeInContainer
FN:119,getNextTextNodeInContainer
FNF:10
FNH:0
FNDA:0,findBestTextContainer
FNDA:0,checkContextMatch
FNDA:0,calculateContextMatchForValidation
FNDA:0,(anonymous_3)
FNDA:0,scoreContentContext
FNDA:0,getTextNodesInRangeForValidation
FNDA:0,(anonymous_6)
FNDA:0,isTextNodeInRange
FNDA:0,getPreviousTextNodeInContainer
FNDA:0,getNextTextNodeInContainer
DA:7,0
DA:13,0
DA:15,0
DA:16,0
DA:18,0
DA:20,0
DA:25,0
DA:27,0
DA:28,0
DA:30,0
DA:32,0
DA:33,0
DA:36,0
DA:37,0
DA:38,0
DA:39,0
DA:42,0
DA:43,0
DA:46,0
DA:51,0
DA:52,0
DA:53,0
DA:55,0
DA:56,0
DA:58,0
DA:60,0
DA:61,0
DA:67,0
DA:68,0
DA:73,0
DA:74,0
DA:75,0
DA:78,0
DA:79,0
DA:82,0
DA:88,0
DA:89,0
DA:92,0
DA:97,0
DA:98,0
DA:100,0
DA:107,0
DA:114,0
DA:115,0
DA:120,0
DA:127,0
DA:128,0
DA:132,0
LF:48
LH:0
BRDA:13,0,0,0
BRDA:13,0,1,0
BRDA:13,1,0,0
BRDA:13,1,1,0
BRDA:18,2,0,0
BRDA:18,2,1,0
BRDA:20,3,0,0
BRDA:20,3,1,0
BRDA:25,4,0,0
BRDA:25,4,1,0
BRDA:25,5,0,0
BRDA:25,5,1,0
BRDA:30,6,0,0
BRDA:30,6,1,0
BRDA:32,7,0,0
BRDA:32,7,1,0
BRDA:32,8,0,0
BRDA:32,8,1,0
BRDA:39,9,0,0
BRDA:39,9,1,0
BRDA:42,10,0,0
BRDA:42,10,1,0
BRDA:53,11,0,0
BRDA:53,11,1,0
BRDA:55,12,0,0
BRDA:55,12,1,0
BRDA:74,13,0,0
BRDA:74,13,1,0
BRDA:78,14,0,0
BRDA:78,14,1,0
BRF:30
BRH:0
end_of_record
TN:
SF:content/modules/toolbarManager.js
FN:9,showHighlightToolbar
FN:43,(anonymous_1)
FN:44,(anonymous_2)
FN:64,hideHighlightToolbar
FN:78,showRemoveHighlightToolbar
FN:107,(anonymous_5)
FN:108,(anonymous_6)
FN:119,(anonymous_7)
FN:137,getCurrentSelection
FN:154,getShowingToolbar
FN:159,setShowingToolbar
FN:164,getHighlightToolbar
FN:169,cleanupToolbar
FNF:13
FNH:0
FNDA:0,showHighlightToolbar
FNDA:0,(anonymous_1)
FNDA:0,(anonymous_2)
FNDA:0,hideHighlightToolbar
FNDA:0,showRemoveHighlightToolbar
FNDA:0,(anonymous_5)
FNDA:0,(anonymous_6)
FNDA:0,(anonymous_7)
FNDA:0,getCurrentSelection
FNDA:0,getShowingToolbar
FNDA:0,setShowingToolbar
FNDA:0,getHighlightToolbar
FNDA:0,cleanupToolbar
DA:4,0
DA:5,0
DA:6,0
DA:10,0
DA:11,0
DA:13,0
DA:14,0
DA:17,0
DA:20,0
DA:21,0
DA:22,0
DA:33,0
DA:34,0
DA:35,0
DA:36,0
DA:37,0
DA:38,0
DA:39,0
DA:42,0
DA:43,0
DA:44,0
DA:45,0
DA:46,0
DA:47,0
DA:48,0
DA:50,0
DA:54,0
DA:55,0
DA:56,0
DA:59,0
DA:65,0
DA:66,0
DA:67,0
DA:68,0
DA:70,0
DA:71,0
DA:73,0
DA:79,0
DA:80,0
DA:82,0
DA:84,0
DA:85,0
DA:86,0
DA:99,0
DA:100,0
DA:101,0
DA:102,0
DA:103,0
DA:106,0
DA:107,0
DA:108,0
DA:109,0
DA:110,0
DA:111,0
DA:112,0
DA:114,0
DA:118,0
DA:119,0
DA:120,0
DA:121,0
DA:122,0
DA:124,0
DA:127,0
DA:128,0
DA:129,0
DA:132,0
DA:138,0
DA:139,0
DA:141,0
DA:142,0
DA:144,0
DA:146,0
DA:155,0
DA:160,0
DA:165,0
DA:170,0
DA:174,0
LF:77
LH:0
BRDA:13,0,0,0
BRDA:13,0,1,0
BRDA:13,1,0,0
BRDA:13,1,1,0
BRDA:47,2,0,0
BRDA:47,2,1,0
BRDA:47,3,0,0
BRDA:47,3,1,0
BRDA:66,4,0,0
BRDA:66,4,1,0
BRDA:82,5,0,0
BRDA:82,5,1,0
BRDA:111,6,0,0
BRDA:111,6,1,0
BRDA:121,7,0,0
BRDA:121,7,1,0
BRDA:139,8,0,0
BRDA:139,8,1,0
BRDA:144,9,0,0
BRDA:144,9,1,0
BRF:20
BRH:0
end_of_record
TN:
SF:shared/constants.js
FNF:0
FNH:0
DA:5,0
DA:14,0
DA:23,0
DA:43,0
DA:53,0
DA:59,0
DA:76,0
DA:84,0
DA:92,0
DA:100,0
DA:108,0
DA:117,0
DA:124,0
DA:133,0
LF:14
LH:0
BRF:0
BRH:0
end_of_record
TN:
SF:shared/messaging.js
FN:14,(anonymous_0)
FN:15,(anonymous_1)
FN:16,(anonymous_2)
FN:33,(anonymous_3)
FN:34,(anonymous_4)
FN:35,(anonymous_5)
FN:49,(anonymous_6)
FN:57,(anonymous_7)
FN:68,(anonymous_8)
FN:79,(anonymous_9)
FN:96,(anonymous_10)
FN:110,(anonymous_11)
FN:125,(anonymous_12)
FN:140,(anonymous_13)
FN:153,(anonymous_14)
FN:164,(anonymous_15)
FN:173,(anonymous_16)
FN:184,(anonymous_17)
FN:202,(anonymous_18)
FN:211,(anonymous_19)
FN:220,(anonymous_20)
FN:231,(anonymous_21)
FN:245,(anonymous_22)
FN:255,(anonymous_23)
FN:264,(anonymous_24)
FN:276,(anonymous_25)
FN:278,(anonymous_26)
FN:287,(anonymous_27)
FN:289,(anonymous_28)
FN:303,(anonymous_29)
FN:316,(anonymous_30)
FN:317,(anonymous_31)
FN:318,(anonymous_32)
FN:319,(anonymous_33)
FN:320,(anonymous_34)
FNF:35
FNH:0
FNDA:0,(anonymous_0)
FNDA:0,(anonymous_1)
FNDA:0,(anonymous_2)
FNDA:0,(anonymous_3)
FNDA:0,(anonymous_4)
FNDA:0,(anonymous_5)
FNDA:0,(anonymous_6)
FNDA:0,(anonymous_7)
FNDA:0,(anonymous_8)
FNDA:0,(anonymous_9)
FNDA:0,(anonymous_10)
FNDA:0,(anonymous_11)
FNDA:0,(anonymous_12)
FNDA:0,(anonymous_13)
FNDA:0,(anonymous_14)
FNDA:0,(anonymous_15)
FNDA:0,(anonymous_16)
FNDA:0,(anonymous_17)
FNDA:0,(anonymous_18)
FNDA:0,(anonymous_19)
FNDA:0,(anonymous_20)
FNDA:0,(anonymous_21)
FNDA:0,(anonymous_22)
FNDA:0,(anonymous_23)
FNDA:0,(anonymous_24)
FNDA:0,(anonymous_25)
FNDA:0,(anonymous_26)
FNDA:0,(anonymous_27)
FNDA:0,(anonymous_28)
FNDA:0,(anonymous_29)
FNDA:0,(anonymous_30)
FNDA:0,(anonymous_31)
FNDA:0,(anonymous_32)
FNDA:0,(anonymous_33)
FNDA:0,(anonymous_34)
DA:15,0
DA:16,0
DA:17,0
DA:18,0
DA:20,0
DA:34,0
DA:35,0
DA:36,0
DA:37,0
DA:39,0
DA:50,0
DA:58,0
DA:69,0
DA:82,0
DA:97,0
DA:98,0
DA:111,0
DA:112,0
DA:126,0
DA:127,0
DA:141,0
DA:142,0
DA:154,0
DA:155,0
DA:165,0
DA:166,0
DA:174,0
DA:175,0
DA:185,0
DA:186,0
DA:203,0
DA:204,0
DA:212,0
DA:213,0
DA:221,0
DA:222,0
DA:232,0
DA:233,0
DA:246,0
DA:247,0
DA:256,0
DA:265,0
DA:266,0
DA:268,0
DA:277,0
DA:278,0
DA:288,0
DA:289,0
DA:290,0
DA:291,0
DA:293,0
DA:304,0
DA:305,0
DA:307,0
DA:313,0
DA:316,0
DA:317,0
DA:318,0
DA:319,0
DA:320,0
DA:323,0
LF:61
LH:0
BRDA:14,0,0,0
BRDA:17,1,0,0
BRDA:17,1,1,0
BRDA:33,2,0,0
BRDA:36,3,0,0
BRDA:36,3,1,0
BRDA:68,4,0,0
BRDA:68,5,0,0
BRDA:265,6,0,0
BRDA:265,6,1,0
BRDA:277,7,0,0
BRDA:277,7,1,0
BRDA:288,8,0,0
BRDA:288,8,1,0
BRDA:304,9,0,0
BRDA:304,9,1,0
BRF:16
BRH:0
end_of_record
TN:
SF:shared/storage.js
FN:12,(anonymous_0)
FN:14,(anonymous_1)
FN:15,(anonymous_2)
FN:34,(anonymous_3)
FN:36,(anonymous_4)
FN:47,(anonymous_5)
FN:49,(anonymous_6)
FN:50,(anonymous_7)
FN:61,(anonymous_8)
FN:63,(anonymous_9)
FN:75,(anonymous_10)
FN:86,(anonymous_11)
FN:97,(anonymous_12)
FN:107,(anonymous_13)
FN:109,(anonymous_14)
FN:119,(anonymous_15)
FN:128,(anonymous_16)
FN:144,(anonymous_17)
FN:155,(anonymous_18)
FN:166,(anonymous_19)
FN:167,(anonymous_20)
FN:168,(anonymous_21)
FN:169,(anonymous_22)
FNF:23
FNH:0
FNDA:0,(anonymous_0)
FNDA:0,(anonymous_1)
FNDA:0,(anonymous_2)
FNDA:0,(anonymous_3)
FNDA:0,(anonymous_4)
FNDA:0,(anonymous_5)
FNDA:0,(anonymous_6)
FNDA:0,(anonymous_7)
FNDA:0,(anonymous_8)
FNDA:0,(anonymous_9)
FNDA:0,(anonymous_10)
FNDA:0,(anonymous_11)
FNDA:0,(anonymous_12)
FNDA:0,(anonymous_13)
FNDA:0,(anonymous_14)
FNDA:0,(anonymous_15)
FNDA:0,(anonymous_16)
FNDA:0,(anonymous_17)
FNDA:0,(anonymous_18)
FNDA:0,(anonymous_19)
FNDA:0,(anonymous_20)
FNDA:0,(anonymous_21)
FNDA:0,(anonymous_22)
DA:13,0
DA:14,0
DA:15,0
DA:16,0
DA:35,0
DA:36,0
DA:37,0
DA:48,0
DA:49,0
DA:50,0
DA:51,0
DA:62,0
DA:63,0
DA:64,0
DA:76,0
DA:77,0
DA:87,0
DA:88,0
DA:89,0
DA:98,0
DA:99,0
DA:100,0
DA:108,0
DA:109,0
DA:120,0
DA:121,0
DA:129,0
DA:145,0
DA:146,0
DA:147,0
DA:156,0
DA:157,0
DA:159,0
DA:160,0
DA:166,0
DA:167,0
DA:168,0
DA:169,0
DA:172,0
LF:39
LH:0
BRDA:16,0,0,0
BRDA:16,0,1,0
BRDA:51,1,0,0
BRDA:51,1,1,0
BRDA:77,2,0,0
BRDA:77,2,1,0
BRDA:156,3,0,0
BRDA:156,3,1,0
BRDA:159,4,0,0
BRDA:159,4,1,0
BRF:10
BRH:0
end_of_record
TN:
SF:shared/utils.js
FN:12,(anonymous_0)
FN:20,(anonymous_1)
FN:29,(anonymous_2)
FN:45,(anonymous_3)
FN:58,(anonymous_4)
FN:68,(anonymous_5)
FN:77,(anonymous_6)
FN:90,(anonymous_7)
FN:101,(anonymous_8)
FN:103,(anonymous_9)
FN:105,(anonymous_10)
FN:115,(anonymous_11)
FN:117,(anonymous_12)
FN:131,(anonymous_13)
FN:132,(anonymous_14)
FN:143,(anonymous_15)
FN:167,(anonymous_16)
FN:181,(anonymous_17)
FN:184,(anonymous_18)
FN:203,(anonymous_19)
FN:239,(anonymous_20)
FN:251,(anonymous_21)
FN:263,(anonymous_22)
FN:264,(anonymous_23)
FN:275,(anonymous_24)
FN:276,(anonymous_25)
FN:277,(anonymous_26)
FN:278,(anonymous_27)
FN:279,(anonymous_28)
FN:280,(anonymous_29)
FN:281,(anonymous_30)
FN:282,(anonymous_31)
FN:283,(anonymous_32)
FN:284,(anonymous_33)
FN:285,(anonymous_34)
FN:286,(anonymous_35)
FN:288,(anonymous_36)
FN:289,(anonymous_37)
FN:290,(anonymous_38)
FN:291,(anonymous_39)
FN:292,(anonymous_40)
FN:293,(anonymous_41)
FNF:42
FNH:0
FNDA:0,(anonymous_0)
FNDA:0,(anonymous_1)
FNDA:0,(anonymous_2)
FNDA:0,(anonymous_3)
FNDA:0,(anonymous_4)
FNDA:0,(anonymous_5)
FNDA:0,(anonymous_6)
FNDA:0,(anonymous_7)
FNDA:0,(anonymous_8)
FNDA:0,(anonymous_9)
FNDA:0,(anonymous_10)
FNDA:0,(anonymous_11)
FNDA:0,(anonymous_12)
FNDA:0,(anonymous_13)
FNDA:0,(anonymous_14)
FNDA:0,(anonymous_15)
FNDA:0,(anonymous_16)
FNDA:0,(anonymous_17)
FNDA:0,(anonymous_18)
FNDA:0,(anonymous_19)
FNDA:0,(anonymous_20)
FNDA:0,(anonymous_21)
FNDA:0,(anonymous_22)
FNDA:0,(anonymous_23)
FNDA:0,(anonymous_24)
FNDA:0,(anonymous_25)
FNDA:0,(anonymous_26)
FNDA:0,(anonymous_27)
FNDA:0,(anonymous_28)
FNDA:0,(anonymous_29)
FNDA:0,(anonymous_30)
FNDA:0,(anonymous_31)
FNDA:0,(anonymous_32)
FNDA:0,(anonymous_33)
FNDA:0,(anonymous_34)
FNDA:0,(anonymous_35)
FNDA:0,(anonymous_36)
FNDA:0,(anonymous_37)
FNDA:0,(anonymous_38)
FNDA:0,(anonymous_39)
FNDA:0,(anonymous_40)
FNDA:0,(anonymous_41)
DA:13,0
DA:21,0
DA:30,0
DA:31,0
DA:46,0
DA:47,0
DA:49,0
DA:59,0
DA:60,0
DA:69,0
DA:78,0
DA:79,0
DA:80,0
DA:91,0
DA:92,0
DA:103,0
DA:104,0
DA:105,0
DA:116,0
DA:117,0
DA:118,0
DA:119,0
DA:120,0
DA:121,0
DA:132,0
DA:145,0
DA:147,0
DA:148,0
DA:149,0
DA:151,0
DA:152,0
DA:154,0
DA:155,0
DA:159,0
DA:168,0
DA:169,0
DA:170,0
DA:172,0
DA:182,0
DA:183,0
DA:184,0
DA:185,0
DA:186,0
DA:187,0
DA:188,0
DA:189,0
DA:192,0
DA:194,0
DA:204,0
DA:205,0
DA:206,0
DA:208,0
DA:209,0
DA:212,0
DA:213,0
DA:216,0
DA:217,0
DA:218,0
DA:219,0
DA:221,0
DA:230,0
DA:231,0
DA:240,0
DA:241,0
DA:252,0
DA:253,0
DA:264,0
DA:265,0
DA:266,0
DA:268,0
DA:275,0
DA:276,0
DA:277,0
DA:278,0
DA:279,0
DA:280,0
DA:281,0
DA:282,0
DA:283,0
DA:284,0
DA:285,0
DA:286,0
DA:287,0
DA:288,0
DA:289,0
DA:290,0
DA:291,0
DA:292,0
DA:293,0
DA:296,0
LF:90
LH:0
BRDA:60,0,0,0
BRDA:60,0,1,0
BRDA:90,1,0,0
BRDA:91,2,0,0
BRDA:91,2,1,0
BRDA:119,3,0,0
BRDA:119,3,1,0
BRDA:143,4,0,0
BRDA:143,5,0,0
BRDA:143,6,0,0
BRDA:152,7,0,0
BRDA:152,7,1,0
BRDA:182,8,0,0
BRDA:182,8,1,0
BRDA:182,9,0,0
BRDA:182,9,1,0
BRDA:183,10,0,0
BRDA:183,10,1,0
BRDA:184,11,0,0
BRDA:184,11,1,0
BRDA:185,12,0,0
BRDA:185,12,1,0
BRDA:188,13,0,0
BRDA:188,13,1,0
BRDA:218,14,0,0
BRDA:218,14,1,0
BRDA:231,15,0,0
BRDA:231,15,1,0
BRDA:241,16,0,0
BRDA:241,16,1,0
BRDA:241,16,2,0
BRDA:241,16,3,0
BRDA:265,17,0,0
BRDA:265,17,1,0
BRF:34
BRH:0
end_of_record
